+++ cd /gpfs/hps/nco/ops/nwpara/hiresw.v7.0.16/sorc/hiresw_nps.fd/NPS/
+++ TARGDIR=../../../exec/
+++ ./clean
rm -f -f *.o *.mod *.M libdio.a diodump.exe
if [ -e geogrid.exe ] ; then \
		rm -f geogrid.exe ; \
	fi
if [ -e ../geogrid.exe ] ; then \
		rm -f ../geogrid.exe ; \
	fi
( cd src ; make clean )
make[1]: Entering directory `/gpfs/hps/nco/ops/nwpara/hiresw.v7.0.16/sorc/hiresw_nps.fd/NPS/geogrid/src'
( cd gridgen_sfc ; make clean )
make[2]: Entering directory `/gpfs/hps/nco/ops/nwpara/hiresw.v7.0.16/sorc/hiresw_nps.fd/NPS/geogrid/src/gridgen_sfc'
rm -f *.o *.mod libgridgen_sfc.a
make[2]: Leaving directory `/gpfs/hps/nco/ops/nwpara/hiresw.v7.0.16/sorc/hiresw_nps.fd/NPS/geogrid/src/gridgen_sfc'
rm -f cio.o wrf_debug.o bitarray_module.o constants_module.o despace.o geogrid.o gridinfo_module.o hash_module.o interp_module.o list_module.o llxy_module.o misc_definitions_module.o module_debug.o module_map_utils.o output_module.o parallel_module.o process_tile_module.o process_ncep_module.o proc_point_module.o queue_module.o read_geogrid.o smooth_module.o source_data_module.o one_record_to_ij.o *.mod
rm -f geogrid.exe 
make[1]: Leaving directory `/gpfs/hps/nco/ops/nwpara/hiresw.v7.0.16/sorc/hiresw_nps.fd/NPS/geogrid/src'
if [ -h ungrib.exe ] ; then \
		rm -f ungrib.exe ; \
	fi
if [ -h ../ungrib.exe ] ; then \
		rm -f ../ungrib.exe ; \
	fi
( cd src ; make clean )
make[1]: Entering directory `/gpfs/hps/nco/ops/nwpara/hiresw.v7.0.16/sorc/hiresw_nps.fd/NPS/ungrib/src'
rm -f *.f *.o *.i *.mod *.M libpgu.a *exe
make[1]: Leaving directory `/gpfs/hps/nco/ops/nwpara/hiresw.v7.0.16/sorc/hiresw_nps.fd/NPS/ungrib/src'
if [ -e metgrid.exe ] ; then \
		rm -f metgrid.exe ; \
	fi
if [ -e ../metgrid.exe ] ; then \
		rm -f ../metgrid.exe ; \
	fi
( cd src ; make clean )
make[1]: Entering directory `/gpfs/hps/nco/ops/nwpara/hiresw.v7.0.16/sorc/hiresw_nps.fd/NPS/metgrid/src'
rm -f cio.o wrf_debug.o bitarray_module.o constants_module.o datatype_module.o despace.o gridinfo_module.o metgrid.o input_module.o interp_module.o interp_option_module.o list_module.o llxy_module.o met_data_module.o minheap_module.o misc_definitions_module.o module_date_pack.o module_debug.o module_map_utils.o module_mergesort.o output_module.o parallel_module.o process_domain_module.o queue_module.o read_met_module.o rotate_winds_module.o storage_module.o write_met_module.o *.mod
rm -f metgrid.exe
make[1]: Leaving directory `/gpfs/hps/nco/ops/nwpara/hiresw.v7.0.16/sorc/hiresw_nps.fd/NPS/metgrid/src'
if [ -e nemsinterp.exe ] ; then \
		rm -f nemsinterp.exe ; \
	fi
if [ -e ../nemsinterp.exe ] ; then \
		rm -f ../nemsinterp.exe ; \
	fi
( cd src ; make clean )
make[1]: Entering directory `/gpfs/hps/nco/ops/nwpara/hiresw.v7.0.16/sorc/hiresw_nps.fd/NPS/nemsinterp/src'
rm -f module_data.o nemsinterp.o ingest_metgrid.o parallel_module.o module_vinterp_routines.o process_domain_module.o module_date_pack.o gridinfo_module.o misc_definitions_module.o  module_assorted_definitions.o module_boundary.o output_nemsinit.o *.mod
rm -f nemsinterp.exe
make[1]: Leaving directory `/gpfs/hps/nco/ops/nwpara/hiresw.v7.0.16/sorc/hiresw_nps.fd/NPS/nemsinterp/src'
if [ -h g1print.exe ] ; then \
		rm -f g1print.exe ; \
	fi
if [ -h ../g1print.exe ] ; then \
		rm -f ../g1print.exe ; \
	fi
( cd src ; make clean )
make[1]: Entering directory `/gpfs/hps/nco/ops/nwpara/hiresw.v7.0.16/sorc/hiresw_nps.fd/NPS/ungrib/src'
rm -f *.f *.o *.i *.mod *.M libpgu.a *exe
make[1]: Leaving directory `/gpfs/hps/nco/ops/nwpara/hiresw.v7.0.16/sorc/hiresw_nps.fd/NPS/ungrib/src'
if [ -h g2print.exe ] ; then \
		rm -f g2print.exe ; \
	fi
if [ -h ../g2print.exe ] ; then \
		rm -f ../g2print.exe ; \
	fi
( cd src ; make clean )
make[1]: Entering directory `/gpfs/hps/nco/ops/nwpara/hiresw.v7.0.16/sorc/hiresw_nps.fd/NPS/ungrib/src'
rm -f *.f *.o *.i *.mod *.M libpgu.a *exe
make[1]: Leaving directory `/gpfs/hps/nco/ops/nwpara/hiresw.v7.0.16/sorc/hiresw_nps.fd/NPS/ungrib/src'
if [ -h plotfmt.exe ] ; then \
		rm -f plotfmt.exe ; \
	fi
if [ -h ../plotfmt.exe ] ; then \
		rm -f ../plotfmt.exe ; \
	fi
( cd src ; make clean )
make[1]: Entering directory `/gpfs/hps/nco/ops/nwpara/hiresw.v7.0.16/sorc/hiresw_nps.fd/NPS/util/src'
rm -f plotgrids.o avg_tsfc.o calc_ecmwf_p.o elev_angle.o plotfmt.o rd_intermediate.o mod_levs.o cio.o gridinfo_module.o misc_definitions_module.o module_debug.o module_stringutil.o read_met_module.o write_met_module.o module_date_pack.o met_data_module.o *.mod
rm -f plotgrids.exe plotfmt.exe avg_tsfc.exe elev_angle.exe calc_ecmwf_p.exe rd_intermediate.exe mod_levs.exe
make[1]: Leaving directory `/gpfs/hps/nco/ops/nwpara/hiresw.v7.0.16/sorc/hiresw_nps.fd/NPS/util/src'
if [ -h plotgrids.exe ] ; then \
		rm -f plotgrids.exe ; \
	fi
if [ -h ../plotgrids.exe ] ; then \
		rm -f ../plotgrids.exe ; \
	fi
( cd src ; make clean )
make[1]: Entering directory `/gpfs/hps/nco/ops/nwpara/hiresw.v7.0.16/sorc/hiresw_nps.fd/NPS/util/src'
rm -f plotgrids.o avg_tsfc.o calc_ecmwf_p.o elev_angle.o plotfmt.o rd_intermediate.o mod_levs.o cio.o gridinfo_module.o misc_definitions_module.o module_debug.o module_stringutil.o read_met_module.o write_met_module.o module_date_pack.o met_data_module.o *.mod
rm -f plotgrids.exe plotfmt.exe avg_tsfc.exe elev_angle.exe calc_ecmwf_p.exe rd_intermediate.exe mod_levs.exe
make[1]: Leaving directory `/gpfs/hps/nco/ops/nwpara/hiresw.v7.0.16/sorc/hiresw_nps.fd/NPS/util/src'
if [ -h mod_levs.exe ] ; then \
		rm -f mod_levs.exe ; \
	fi
if [ -h ../mod_levs.exe ] ; then \
		rm -f ../mod_levs.exe ; \
	fi
( cd src ; make clean )
make[1]: Entering directory `/gpfs/hps/nco/ops/nwpara/hiresw.v7.0.16/sorc/hiresw_nps.fd/NPS/util/src'
rm -f plotgrids.o avg_tsfc.o calc_ecmwf_p.o elev_angle.o plotfmt.o rd_intermediate.o mod_levs.o cio.o gridinfo_module.o misc_definitions_module.o module_debug.o module_stringutil.o read_met_module.o write_met_module.o module_date_pack.o met_data_module.o *.mod
rm -f plotgrids.exe plotfmt.exe avg_tsfc.exe elev_angle.exe calc_ecmwf_p.exe rd_intermediate.exe mod_levs.exe
make[1]: Leaving directory `/gpfs/hps/nco/ops/nwpara/hiresw.v7.0.16/sorc/hiresw_nps.fd/NPS/util/src'
if [ -h rd_intermediate.exe ] ; then \
		rm -f rd_intermediate.exe ; \
	fi
if [ -h ../rd_intermediate.exe ] ; then \
		rm -f ../rd_intermediate.exe ; \
	fi
( cd src ; make clean )
make[1]: Entering directory `/gpfs/hps/nco/ops/nwpara/hiresw.v7.0.16/sorc/hiresw_nps.fd/NPS/util/src'
rm -f plotgrids.o avg_tsfc.o calc_ecmwf_p.o elev_angle.o plotfmt.o rd_intermediate.o mod_levs.o cio.o gridinfo_module.o misc_definitions_module.o module_debug.o module_stringutil.o read_met_module.o write_met_module.o module_date_pack.o met_data_module.o *.mod
rm -f plotgrids.exe plotfmt.exe avg_tsfc.exe elev_angle.exe calc_ecmwf_p.exe rd_intermediate.exe mod_levs.exe
make[1]: Leaving directory `/gpfs/hps/nco/ops/nwpara/hiresw.v7.0.16/sorc/hiresw_nps.fd/NPS/util/src'
if [ -h avg_tsfc.exe ] ; then \
		rm -f avg_tsfc.exe ; \
	fi
if [ -h ../avg_tsfc.exe ] ; then \
		rm -f ../avg_tsfc.exe ; \
	fi
( cd src ; make clean )
make[1]: Entering directory `/gpfs/hps/nco/ops/nwpara/hiresw.v7.0.16/sorc/hiresw_nps.fd/NPS/util/src'
rm -f plotgrids.o avg_tsfc.o calc_ecmwf_p.o elev_angle.o plotfmt.o rd_intermediate.o mod_levs.o cio.o gridinfo_module.o misc_definitions_module.o module_debug.o module_stringutil.o read_met_module.o write_met_module.o module_date_pack.o met_data_module.o *.mod
rm -f plotgrids.exe plotfmt.exe avg_tsfc.exe elev_angle.exe calc_ecmwf_p.exe rd_intermediate.exe mod_levs.exe
make[1]: Leaving directory `/gpfs/hps/nco/ops/nwpara/hiresw.v7.0.16/sorc/hiresw_nps.fd/NPS/util/src'
+++ cp configure.nps_wcoss_dmpara configure.nps
+++ ./compile nemsinterp
 
**** Compiling nemsinterp ****
 
ftn -O3 -fp-model strict -g -traceback  -FR -convert big_endian -assume noold_ldout_format -c -o dio.o dio.f90
cc -O3 -D_UNDERSCORE -DBYTESWAP -DLINUX -DIO_NETCDF -DIO_BINARY -DIO_GRIB1 -D_MPI -DBIT32 -c -o fbioc.o fbioc.c
ftn -O3 -fp-model strict -g -traceback  -FR -convert big_endian -assume noold_ldout_format -c -o wrfheader.o wrfheader.f90
/bin/rm -f libdio.a
ar ru  libdio.a dio.o fbioc.o wrfheader.o
ar: creating libdio.a
echo libdio.a
libdio.a
ftn -O3 -fp-model strict -g -traceback  -FR -convert big_endian -assume noold_ldout_format -o diodump.exe diodump.f90 libdio.a
( cd src ; \
	make -i -r nemsinterp.exe \
		FC="ftn -O3 -fp-model strict -g -traceback " \
		CC="cc -O3" \
		CPP="/lib/cpp -C -P -traditional" \
		FFLAGS="-FR -convert big_endian -assume noold_ldout_format" \
		CFLAGS="-O" \
		LDFLAGS="-openmp -auto" \
		CPPFLAGS="-D_UNDERSCORE -DBYTESWAP -DLINUX -DIO_NETCDF -DIO_BINARY -DIO_GRIB1 -D_MPI -DBIT32 -D_NEMSINTERP" )
make[1]: Entering directory `/gpfs/hps/nco/ops/nwpara/hiresw.v7.0.16/sorc/hiresw_nps.fd/NPS/nemsinterp/src'
/bin/rm -f module_data.o module_data.mod
/lib/cpp -C -P -traditional -D_UNDERSCORE -DBYTESWAP -DLINUX -DIO_NETCDF -DIO_BINARY -DIO_GRIB1 -D_MPI -DBIT32 -D_NEMSINTERP -DUSE_JPEG2000 -DUSE_PNG module_data.F90 > module_data.f
ftn -O3 -fp-model strict -g -traceback  -FR -convert big_endian -assume noold_ldout_format -I/gpfs/hps/nco/ops/nwpara/hiresw.v7.0.16/sorc/hiresw_nps.fd/NPS/dio -I/gpfs/hps/nco/ops/nwprod/lib/nemsio/v2.2.2/intel/include/nemsio_v2.2.2 -I/gpfs/hps/nco/ops/nwprod/lib/g2/v3.1.0/intel/include/g2_v3.1.0_4 -c module_data.f
/bin/rm -f module_data.f
/bin/rm -f misc_definitions_module.o misc_definitions_module.mod
/bin/cp misc_definitions_module.f90 misc_definitions_module.f
ftn -O3 -fp-model strict -g -traceback  -FR -convert big_endian -assume noold_ldout_format -I/gpfs/hps/nco/ops/nwpara/hiresw.v7.0.16/sorc/hiresw_nps.fd/NPS/dio -I/gpfs/hps/nco/ops/nwprod/lib/nemsio/v2.2.2/intel/include/nemsio_v2.2.2 -I/gpfs/hps/nco/ops/nwprod/lib/g2/v3.1.0/intel/include/g2_v3.1.0_4 -c misc_definitions_module.f
/bin/rm -f misc_definitions_module.f
/bin/rm -f gridinfo_module.o gridinfo_module.mod
/lib/cpp -C -P -traditional -D_UNDERSCORE -DBYTESWAP -DLINUX -DIO_NETCDF -DIO_BINARY -DIO_GRIB1 -D_MPI -DBIT32 -D_NEMSINTERP -DUSE_JPEG2000 -DUSE_PNG gridinfo_module.F90 > gridinfo_module.f
ftn -O3 -fp-model strict -g -traceback  -FR -convert big_endian -assume noold_ldout_format -I/gpfs/hps/nco/ops/nwpara/hiresw.v7.0.16/sorc/hiresw_nps.fd/NPS/dio -I/gpfs/hps/nco/ops/nwprod/lib/nemsio/v2.2.2/intel/include/nemsio_v2.2.2 -I/gpfs/hps/nco/ops/nwprod/lib/g2/v3.1.0/intel/include/g2_v3.1.0_4 -c gridinfo_module.f
/bin/rm -f gridinfo_module.f
/bin/rm -f parallel_module.o parallel_module.mod
/lib/cpp -C -P -traditional -D_UNDERSCORE -DBYTESWAP -DLINUX -DIO_NETCDF -DIO_BINARY -DIO_GRIB1 -D_MPI -DBIT32 -D_NEMSINTERP -DUSE_JPEG2000 -DUSE_PNG parallel_module.F90 > parallel_module.f
ftn -O3 -fp-model strict -g -traceback  -FR -convert big_endian -assume noold_ldout_format -I/gpfs/hps/nco/ops/nwpara/hiresw.v7.0.16/sorc/hiresw_nps.fd/NPS/dio -I/gpfs/hps/nco/ops/nwprod/lib/nemsio/v2.2.2/intel/include/nemsio_v2.2.2 -I/gpfs/hps/nco/ops/nwprod/lib/g2/v3.1.0/intel/include/g2_v3.1.0_4 -c parallel_module.f
/bin/rm -f parallel_module.f
/bin/rm -f module_date_pack.o module_date_pack.mod
/bin/cp module_date_pack.f90 module_date_pack.f
ftn -O3 -fp-model strict -g -traceback  -FR -convert big_endian -assume noold_ldout_format -I/gpfs/hps/nco/ops/nwpara/hiresw.v7.0.16/sorc/hiresw_nps.fd/NPS/dio -I/gpfs/hps/nco/ops/nwprod/lib/nemsio/v2.2.2/intel/include/nemsio_v2.2.2 -I/gpfs/hps/nco/ops/nwprod/lib/g2/v3.1.0/intel/include/g2_v3.1.0_4 -c module_date_pack.f
/bin/rm -f module_date_pack.f
/bin/rm -f ingest_metgrid.o ingest_metgrid.mod
/lib/cpp -C -P -traditional -D_UNDERSCORE -DBYTESWAP -DLINUX -DIO_NETCDF -DIO_BINARY -DIO_GRIB1 -D_MPI -DBIT32 -D_NEMSINTERP -DUSE_JPEG2000 -DUSE_PNG ingest_metgrid.F90 > ingest_metgrid.f
ftn -O3 -fp-model strict -g -traceback  -FR -convert big_endian -assume noold_ldout_format -I/gpfs/hps/nco/ops/nwpara/hiresw.v7.0.16/sorc/hiresw_nps.fd/NPS/dio -I/gpfs/hps/nco/ops/nwprod/lib/nemsio/v2.2.2/intel/include/nemsio_v2.2.2 -I/gpfs/hps/nco/ops/nwprod/lib/g2/v3.1.0/intel/include/g2_v3.1.0_4 -c ingest_metgrid.f
/bin/rm -f ingest_metgrid.f
/bin/rm -f module_vinterp_routines.o module_vinterp_routines.mod
/lib/cpp -C -P -traditional -D_UNDERSCORE -DBYTESWAP -DLINUX -DIO_NETCDF -DIO_BINARY -DIO_GRIB1 -D_MPI -DBIT32 -D_NEMSINTERP -DUSE_JPEG2000 -DUSE_PNG module_vinterp_routines.F90 > module_vinterp_routines.f
ftn -O3 -fp-model strict -g -traceback  -FR -convert big_endian -assume noold_ldout_format -I/gpfs/hps/nco/ops/nwpara/hiresw.v7.0.16/sorc/hiresw_nps.fd/NPS/dio -I/gpfs/hps/nco/ops/nwprod/lib/nemsio/v2.2.2/intel/include/nemsio_v2.2.2 -I/gpfs/hps/nco/ops/nwprod/lib/g2/v3.1.0/intel/include/g2_v3.1.0_4 -c module_vinterp_routines.f
/bin/rm -f module_vinterp_routines.f
/bin/rm -f module_assorted_definitions.o module_assorted_definitions.mod
/lib/cpp -C -P -traditional -D_UNDERSCORE -DBYTESWAP -DLINUX -DIO_NETCDF -DIO_BINARY -DIO_GRIB1 -D_MPI -DBIT32 -D_NEMSINTERP -DUSE_JPEG2000 -DUSE_PNG module_assorted_definitions.F90 > module_assorted_definitions.f
ftn -O3 -fp-model strict -g -traceback  -FR -convert big_endian -assume noold_ldout_format -I/gpfs/hps/nco/ops/nwpara/hiresw.v7.0.16/sorc/hiresw_nps.fd/NPS/dio -I/gpfs/hps/nco/ops/nwprod/lib/nemsio/v2.2.2/intel/include/nemsio_v2.2.2 -I/gpfs/hps/nco/ops/nwprod/lib/g2/v3.1.0/intel/include/g2_v3.1.0_4 -c module_assorted_definitions.f
/bin/rm -f module_assorted_definitions.f
/bin/rm -f module_boundary.o module_boundary.mod
/lib/cpp -C -P -traditional -D_UNDERSCORE -DBYTESWAP -DLINUX -DIO_NETCDF -DIO_BINARY -DIO_GRIB1 -D_MPI -DBIT32 -D_NEMSINTERP -DUSE_JPEG2000 -DUSE_PNG module_boundary.F90 > module_boundary.f
ftn -O3 -fp-model strict -g -traceback  -FR -convert big_endian -assume noold_ldout_format -I/gpfs/hps/nco/ops/nwpara/hiresw.v7.0.16/sorc/hiresw_nps.fd/NPS/dio -I/gpfs/hps/nco/ops/nwprod/lib/nemsio/v2.2.2/intel/include/nemsio_v2.2.2 -I/gpfs/hps/nco/ops/nwprod/lib/g2/v3.1.0/intel/include/g2_v3.1.0_4 -c module_boundary.f
/bin/rm -f module_boundary.f
/bin/rm -f output_nemsinit.o output_nemsinit.mod
/lib/cpp -C -P -traditional -D_UNDERSCORE -DBYTESWAP -DLINUX -DIO_NETCDF -DIO_BINARY -DIO_GRIB1 -D_MPI -DBIT32 -D_NEMSINTERP -DUSE_JPEG2000 -DUSE_PNG output_nemsinit.F90 > output_nemsinit.f
ftn -O3 -fp-model strict -g -traceback  -FR -convert big_endian -assume noold_ldout_format -I/gpfs/hps/nco/ops/nwpara/hiresw.v7.0.16/sorc/hiresw_nps.fd/NPS/dio -I/gpfs/hps/nco/ops/nwprod/lib/nemsio/v2.2.2/intel/include/nemsio_v2.2.2 -I/gpfs/hps/nco/ops/nwprod/lib/g2/v3.1.0/intel/include/g2_v3.1.0_4 -c output_nemsinit.f
/bin/rm -f output_nemsinit.f
/bin/rm -f process_domain_module.o process_domain_module.mod
/lib/cpp -C -P -traditional -D_UNDERSCORE -DBYTESWAP -DLINUX -DIO_NETCDF -DIO_BINARY -DIO_GRIB1 -D_MPI -DBIT32 -D_NEMSINTERP -DUSE_JPEG2000 -DUSE_PNG process_domain_module.F90 > process_domain_module.f
ftn -O3 -fp-model strict -g -traceback  -FR -convert big_endian -assume noold_ldout_format -I/gpfs/hps/nco/ops/nwpara/hiresw.v7.0.16/sorc/hiresw_nps.fd/NPS/dio -I/gpfs/hps/nco/ops/nwprod/lib/nemsio/v2.2.2/intel/include/nemsio_v2.2.2 -I/gpfs/hps/nco/ops/nwprod/lib/g2/v3.1.0/intel/include/g2_v3.1.0_4 -c process_domain_module.f
/bin/rm -f process_domain_module.f
/bin/rm -f nemsinterp.o nemsinterp.mod
/lib/cpp -C -P -traditional -D_UNDERSCORE -DBYTESWAP -DLINUX -DIO_NETCDF -DIO_BINARY -DIO_GRIB1 -D_MPI -DBIT32 -D_NEMSINTERP -DUSE_JPEG2000 -DUSE_PNG nemsinterp.F90 > nemsinterp.f
ftn -O3 -fp-model strict -g -traceback  -FR -convert big_endian -assume noold_ldout_format -I/gpfs/hps/nco/ops/nwpara/hiresw.v7.0.16/sorc/hiresw_nps.fd/NPS/dio -I/gpfs/hps/nco/ops/nwprod/lib/nemsio/v2.2.2/intel/include/nemsio_v2.2.2 -I/gpfs/hps/nco/ops/nwprod/lib/g2/v3.1.0/intel/include/g2_v3.1.0_4 -c nemsinterp.f
/bin/rm -f nemsinterp.f
ftn -O3 -fp-model strict -g -traceback  -openmp -auto -o nemsinterp.exe module_data.o nemsinterp.o ingest_metgrid.o parallel_module.o module_vinterp_routines.o process_domain_module.o module_date_pack.o gridinfo_module.o misc_definitions_module.o  module_assorted_definitions.o module_boundary.o output_nemsinit.o -L/gpfs/hps/nco/ops/nwpara/hiresw.v7.0.16/sorc/hiresw_nps.fd/NPS/dio -ldio /gpfs/hps/nco/ops/nwprod/lib/nemsio/v2.2.2/intel/libnemsio_v2.2.2.a /gpfs/hps/nco/ops/nwprod/lib/w3nco/v2.0.6/intel/libw3nco_v2.0.6_4.a /gpfs/hps/nco/ops/nwprod/lib/w3emc/v2.2.0/intel/libw3emc_v2.2.0_4.a /gpfs/hps/nco/ops/nwprod/lib/bacio/v2.0.1/intel/libbacio_v2.0.1_4.a
make[1]: Leaving directory `/gpfs/hps/nco/ops/nwpara/hiresw.v7.0.16/sorc/hiresw_nps.fd/NPS/nemsinterp/src'
if [ -e nemsinterp.exe ] ; then \
		/bin/rm -f nemsinterp.exe ; \
	fi ; \
	if [ -e ../nemsinterp.exe ] ; then \
		/bin/rm -f ../nemsinterp.exe ; \
	fi ; \
	if [ -e src/nemsinterp.exe ] ; then \
		ln -sf src/nemsinterp.exe . ; \
	fi
+++ cp nemsinterp.exe ../../../exec//hiresw_nps_nemsinterp
+++ ./clean
/bin/rm -f -f *.o *.mod *.M libdio.a diodump.exe
if [ -e geogrid.exe ] ; then \
		/bin/rm -f geogrid.exe ; \
	fi
if [ -e ../geogrid.exe ] ; then \
		/bin/rm -f ../geogrid.exe ; \
	fi
( cd src ; make -i -r clean )
make[1]: Entering directory `/gpfs/hps/nco/ops/nwpara/hiresw.v7.0.16/sorc/hiresw_nps.fd/NPS/geogrid/src'
( cd gridgen_sfc ; make -i -r clean )
make[2]: Entering directory `/gpfs/hps/nco/ops/nwpara/hiresw.v7.0.16/sorc/hiresw_nps.fd/NPS/geogrid/src/gridgen_sfc'
/bin/rm -f *.o *.mod libgridgen_sfc.a
make[2]: Leaving directory `/gpfs/hps/nco/ops/nwpara/hiresw.v7.0.16/sorc/hiresw_nps.fd/NPS/geogrid/src/gridgen_sfc'
/bin/rm -f cio.o wrf_debug.o bitarray_module.o constants_module.o despace.o geogrid.o gridinfo_module.o hash_module.o interp_module.o list_module.o llxy_module.o misc_definitions_module.o module_debug.o module_map_utils.o output_module.o parallel_module.o process_tile_module.o process_ncep_module.o proc_point_module.o queue_module.o read_geogrid.o smooth_module.o source_data_module.o one_record_to_ij.o *.mod
/bin/rm -f geogrid.exe 
make[1]: Leaving directory `/gpfs/hps/nco/ops/nwpara/hiresw.v7.0.16/sorc/hiresw_nps.fd/NPS/geogrid/src'
if [ -h ungrib.exe ] ; then \
		/bin/rm -f ungrib.exe ; \
	fi
if [ -h ../ungrib.exe ] ; then \
		/bin/rm -f ../ungrib.exe ; \
	fi
( cd src ; make -i -r clean )
make[1]: Entering directory `/gpfs/hps/nco/ops/nwpara/hiresw.v7.0.16/sorc/hiresw_nps.fd/NPS/ungrib/src'
/bin/rm -f *.f *.o *.i *.mod *.M libpgu.a *exe
make[1]: Leaving directory `/gpfs/hps/nco/ops/nwpara/hiresw.v7.0.16/sorc/hiresw_nps.fd/NPS/ungrib/src'
if [ -e metgrid.exe ] ; then \
		/bin/rm -f metgrid.exe ; \
	fi
if [ -e ../metgrid.exe ] ; then \
		/bin/rm -f ../metgrid.exe ; \
	fi
( cd src ; make -i -r clean )
make[1]: Entering directory `/gpfs/hps/nco/ops/nwpara/hiresw.v7.0.16/sorc/hiresw_nps.fd/NPS/metgrid/src'
/bin/rm -f cio.o wrf_debug.o bitarray_module.o constants_module.o datatype_module.o despace.o gridinfo_module.o metgrid.o input_module.o interp_module.o interp_option_module.o list_module.o llxy_module.o met_data_module.o minheap_module.o misc_definitions_module.o module_date_pack.o module_debug.o module_map_utils.o module_mergesort.o output_module.o parallel_module.o process_domain_module.o queue_module.o read_met_module.o rotate_winds_module.o storage_module.o write_met_module.o *.mod
/bin/rm -f metgrid.exe
make[1]: Leaving directory `/gpfs/hps/nco/ops/nwpara/hiresw.v7.0.16/sorc/hiresw_nps.fd/NPS/metgrid/src'
if [ -e nemsinterp.exe ] ; then \
		/bin/rm -f nemsinterp.exe ; \
	fi
if [ -e ../nemsinterp.exe ] ; then \
		/bin/rm -f ../nemsinterp.exe ; \
	fi
( cd src ; make -i -r clean )
make[1]: Entering directory `/gpfs/hps/nco/ops/nwpara/hiresw.v7.0.16/sorc/hiresw_nps.fd/NPS/nemsinterp/src'
/bin/rm -f module_data.o nemsinterp.o ingest_metgrid.o parallel_module.o module_vinterp_routines.o process_domain_module.o module_date_pack.o gridinfo_module.o misc_definitions_module.o  module_assorted_definitions.o module_boundary.o output_nemsinit.o *.mod
/bin/rm -f nemsinterp.exe
make[1]: Leaving directory `/gpfs/hps/nco/ops/nwpara/hiresw.v7.0.16/sorc/hiresw_nps.fd/NPS/nemsinterp/src'
if [ -h g1print.exe ] ; then \
		/bin/rm -f g1print.exe ; \
	fi
if [ -h ../g1print.exe ] ; then \
		/bin/rm -f ../g1print.exe ; \
	fi
( cd src ; make -i -r clean )
make[1]: Entering directory `/gpfs/hps/nco/ops/nwpara/hiresw.v7.0.16/sorc/hiresw_nps.fd/NPS/ungrib/src'
/bin/rm -f *.f *.o *.i *.mod *.M libpgu.a *exe
make[1]: Leaving directory `/gpfs/hps/nco/ops/nwpara/hiresw.v7.0.16/sorc/hiresw_nps.fd/NPS/ungrib/src'
if [ -h g2print.exe ] ; then \
		/bin/rm -f g2print.exe ; \
	fi
if [ -h ../g2print.exe ] ; then \
		/bin/rm -f ../g2print.exe ; \
	fi
( cd src ; make -i -r clean )
make[1]: Entering directory `/gpfs/hps/nco/ops/nwpara/hiresw.v7.0.16/sorc/hiresw_nps.fd/NPS/ungrib/src'
/bin/rm -f *.f *.o *.i *.mod *.M libpgu.a *exe
make[1]: Leaving directory `/gpfs/hps/nco/ops/nwpara/hiresw.v7.0.16/sorc/hiresw_nps.fd/NPS/ungrib/src'
if [ -h plotfmt.exe ] ; then \
		/bin/rm -f plotfmt.exe ; \
	fi
if [ -h ../plotfmt.exe ] ; then \
		/bin/rm -f ../plotfmt.exe ; \
	fi
( cd src ; make -i -r clean )
make[1]: Entering directory `/gpfs/hps/nco/ops/nwpara/hiresw.v7.0.16/sorc/hiresw_nps.fd/NPS/util/src'
/bin/rm -f plotgrids.o avg_tsfc.o calc_ecmwf_p.o elev_angle.o plotfmt.o rd_intermediate.o mod_levs.o cio.o gridinfo_module.o misc_definitions_module.o module_debug.o module_stringutil.o read_met_module.o write_met_module.o module_date_pack.o met_data_module.o *.mod
/bin/rm -f plotgrids.exe plotfmt.exe avg_tsfc.exe elev_angle.exe calc_ecmwf_p.exe rd_intermediate.exe mod_levs.exe
make[1]: Leaving directory `/gpfs/hps/nco/ops/nwpara/hiresw.v7.0.16/sorc/hiresw_nps.fd/NPS/util/src'
if [ -h plotgrids.exe ] ; then \
		/bin/rm -f plotgrids.exe ; \
	fi
if [ -h ../plotgrids.exe ] ; then \
		/bin/rm -f ../plotgrids.exe ; \
	fi
( cd src ; make -i -r clean )
make[1]: Entering directory `/gpfs/hps/nco/ops/nwpara/hiresw.v7.0.16/sorc/hiresw_nps.fd/NPS/util/src'
/bin/rm -f plotgrids.o avg_tsfc.o calc_ecmwf_p.o elev_angle.o plotfmt.o rd_intermediate.o mod_levs.o cio.o gridinfo_module.o misc_definitions_module.o module_debug.o module_stringutil.o read_met_module.o write_met_module.o module_date_pack.o met_data_module.o *.mod
/bin/rm -f plotgrids.exe plotfmt.exe avg_tsfc.exe elev_angle.exe calc_ecmwf_p.exe rd_intermediate.exe mod_levs.exe
make[1]: Leaving directory `/gpfs/hps/nco/ops/nwpara/hiresw.v7.0.16/sorc/hiresw_nps.fd/NPS/util/src'
if [ -h mod_levs.exe ] ; then \
		/bin/rm -f mod_levs.exe ; \
	fi
if [ -h ../mod_levs.exe ] ; then \
		/bin/rm -f ../mod_levs.exe ; \
	fi
( cd src ; make -i -r clean )
make[1]: Entering directory `/gpfs/hps/nco/ops/nwpara/hiresw.v7.0.16/sorc/hiresw_nps.fd/NPS/util/src'
/bin/rm -f plotgrids.o avg_tsfc.o calc_ecmwf_p.o elev_angle.o plotfmt.o rd_intermediate.o mod_levs.o cio.o gridinfo_module.o misc_definitions_module.o module_debug.o module_stringutil.o read_met_module.o write_met_module.o module_date_pack.o met_data_module.o *.mod
/bin/rm -f plotgrids.exe plotfmt.exe avg_tsfc.exe elev_angle.exe calc_ecmwf_p.exe rd_intermediate.exe mod_levs.exe
make[1]: Leaving directory `/gpfs/hps/nco/ops/nwpara/hiresw.v7.0.16/sorc/hiresw_nps.fd/NPS/util/src'
if [ -h rd_intermediate.exe ] ; then \
		/bin/rm -f rd_intermediate.exe ; \
	fi
if [ -h ../rd_intermediate.exe ] ; then \
		/bin/rm -f ../rd_intermediate.exe ; \
	fi
( cd src ; make -i -r clean )
make[1]: Entering directory `/gpfs/hps/nco/ops/nwpara/hiresw.v7.0.16/sorc/hiresw_nps.fd/NPS/util/src'
/bin/rm -f plotgrids.o avg_tsfc.o calc_ecmwf_p.o elev_angle.o plotfmt.o rd_intermediate.o mod_levs.o cio.o gridinfo_module.o misc_definitions_module.o module_debug.o module_stringutil.o read_met_module.o write_met_module.o module_date_pack.o met_data_module.o *.mod
/bin/rm -f plotgrids.exe plotfmt.exe avg_tsfc.exe elev_angle.exe calc_ecmwf_p.exe rd_intermediate.exe mod_levs.exe
make[1]: Leaving directory `/gpfs/hps/nco/ops/nwpara/hiresw.v7.0.16/sorc/hiresw_nps.fd/NPS/util/src'
if [ -h avg_tsfc.exe ] ; then \
		/bin/rm -f avg_tsfc.exe ; \
	fi
if [ -h ../avg_tsfc.exe ] ; then \
		/bin/rm -f ../avg_tsfc.exe ; \
	fi
( cd src ; make -i -r clean )
make[1]: Entering directory `/gpfs/hps/nco/ops/nwpara/hiresw.v7.0.16/sorc/hiresw_nps.fd/NPS/util/src'
/bin/rm -f plotgrids.o avg_tsfc.o calc_ecmwf_p.o elev_angle.o plotfmt.o rd_intermediate.o mod_levs.o cio.o gridinfo_module.o misc_definitions_module.o module_debug.o module_stringutil.o read_met_module.o write_met_module.o module_date_pack.o met_data_module.o *.mod
/bin/rm -f plotgrids.exe plotfmt.exe avg_tsfc.exe elev_angle.exe calc_ecmwf_p.exe rd_intermediate.exe mod_levs.exe
make[1]: Leaving directory `/gpfs/hps/nco/ops/nwpara/hiresw.v7.0.16/sorc/hiresw_nps.fd/NPS/util/src'
+++ cp configure.nps_wcoss_serial configure.nps
+++ ./compile ungrib
 
**** Compiling ungrib ****
 
ftn -O3 -fp-model strict -g -traceback  -FR -convert big_endian -assume noold_ldout_format -c -o dio.o dio.f90
cc -O3 -D_UNDERSCORE -DBYTESWAP -DLINUX -DIO_NETCDF -DIO_BINARY -DIO_GRIB1 -DBIT32 -c -o fbioc.o fbioc.c
ftn -O3 -fp-model strict -g -traceback  -FR -convert big_endian -assume noold_ldout_format -c -o wrfheader.o wrfheader.f90
/bin/rm -f libdio.a
ar ru  libdio.a dio.o fbioc.o wrfheader.o
ar: creating libdio.a
echo libdio.a
libdio.a
ftn -O3 -fp-model strict -g -traceback  -FR -convert big_endian -assume noold_ldout_format -o diodump.exe diodump.f90 libdio.a
( cd src ; \
	make -i -r ungrib.exe \
		FC="ftn -O3 -fp-model strict -g -traceback " \
		CC="cc -O3" \
		CPP="/lib/cpp -C -P -traditional" \
		FFLAGS="-FR -convert big_endian -assume noold_ldout_format" \
		CFLAGS="-O" \
		LDFLAGS="" \
		CPPFLAGS="-D_UNDERSCORE -DBYTESWAP -DLINUX -DIO_NETCDF -DIO_BINARY -DIO_GRIB1 -DBIT32 -D_UNGRIB" )
make[1]: Entering directory `/gpfs/hps/nco/ops/nwpara/hiresw.v7.0.16/sorc/hiresw_nps.fd/NPS/ungrib/src'
/bin/rm -f misc_definitions_module.o misc_definitions_module.mod
/bin/cp misc_definitions_module.f90 misc_definitions_module.f
ftn -O3 -fp-model strict -g -traceback  -FR -convert big_endian -assume noold_ldout_format -I/gpfs/hps/nco/ops/nwpara/hiresw.v7.0.16/sorc/hiresw_nps.fd/NPS/dio -I/gpfs/hps/nco/ops/nwprod/lib/nemsio/v2.2.2/intel/include/nemsio_v2.2.2 -I/gpfs/hps/nco/ops/nwprod/lib/g2/v3.1.0/intel/include/g2_v3.1.0_4 -c misc_definitions_module.f
/bin/rm -f misc_definitions_module.f
/bin/rm -f debug_cio.o
cc -O3 -D_UNDERSCORE -DBYTESWAP -DLINUX -DIO_NETCDF -DIO_BINARY -DIO_GRIB1 -DBIT32 -D_UNGRIB -O -c debug_cio.c	
/bin/rm -f module_debug.o module_debug.mod
/lib/cpp -C -P -traditional -D_UNDERSCORE -DBYTESWAP -DLINUX -DIO_NETCDF -DIO_BINARY -DIO_GRIB1 -DBIT32 -D_UNGRIB -DUSE_JPEG2000 -DUSE_PNG module_debug.F90 > module_debug.f
ftn -O3 -fp-model strict -g -traceback  -FR -convert big_endian -assume noold_ldout_format -I/gpfs/hps/nco/ops/nwpara/hiresw.v7.0.16/sorc/hiresw_nps.fd/NPS/dio -I/gpfs/hps/nco/ops/nwprod/lib/nemsio/v2.2.2/intel/include/nemsio_v2.2.2 -I/gpfs/hps/nco/ops/nwprod/lib/g2/v3.1.0/intel/include/g2_v3.1.0_4 -c module_debug.f
/bin/rm -f module_debug.f
/bin/rm -f module_stringutil.o module_stringutil.mod
/lib/cpp -C -P -traditional -D_UNDERSCORE -DBYTESWAP -DLINUX -DIO_NETCDF -DIO_BINARY -DIO_GRIB1 -DBIT32 -D_UNGRIB -DUSE_JPEG2000 -DUSE_PNG module_stringutil.F90 > module_stringutil.f
ftn -O3 -fp-model strict -g -traceback  -FR -convert big_endian -assume noold_ldout_format -I/gpfs/hps/nco/ops/nwpara/hiresw.v7.0.16/sorc/hiresw_nps.fd/NPS/dio -I/gpfs/hps/nco/ops/nwprod/lib/nemsio/v2.2.2/intel/include/nemsio_v2.2.2 -I/gpfs/hps/nco/ops/nwprod/lib/g2/v3.1.0/intel/include/g2_v3.1.0_4 -c module_stringutil.f
/bin/rm -f module_stringutil.f
/bin/rm -f table.o table.mod
/lib/cpp -C -P -traditional -D_UNDERSCORE -DBYTESWAP -DLINUX -DIO_NETCDF -DIO_BINARY -DIO_GRIB1 -DBIT32 -D_UNGRIB -DUSE_JPEG2000 -DUSE_PNG table.F90 > table.f
ftn -O3 -fp-model strict -g -traceback  -FR -convert big_endian -assume noold_ldout_format -I/gpfs/hps/nco/ops/nwpara/hiresw.v7.0.16/sorc/hiresw_nps.fd/NPS/dio -I/gpfs/hps/nco/ops/nwprod/lib/nemsio/v2.2.2/intel/include/nemsio_v2.2.2 -I/gpfs/hps/nco/ops/nwprod/lib/g2/v3.1.0/intel/include/g2_v3.1.0_4 -c table.f
/bin/rm -f table.f
/bin/rm -f module_datarray.o module_datarray.mod
/lib/cpp -C -P -traditional -D_UNDERSCORE -DBYTESWAP -DLINUX -DIO_NETCDF -DIO_BINARY -DIO_GRIB1 -DBIT32 -D_UNGRIB -DUSE_JPEG2000 -DUSE_PNG module_datarray.F90 > module_datarray.f
ftn -O3 -fp-model strict -g -traceback  -FR -convert big_endian -assume noold_ldout_format -I/gpfs/hps/nco/ops/nwpara/hiresw.v7.0.16/sorc/hiresw_nps.fd/NPS/dio -I/gpfs/hps/nco/ops/nwprod/lib/nemsio/v2.2.2/intel/include/nemsio_v2.2.2 -I/gpfs/hps/nco/ops/nwprod/lib/g2/v3.1.0/intel/include/g2_v3.1.0_4 -c module_datarray.f
/bin/rm -f module_datarray.f
/bin/rm -f gridinfo.o gridinfo.mod
/lib/cpp -C -P -traditional -D_UNDERSCORE -DBYTESWAP -DLINUX -DIO_NETCDF -DIO_BINARY -DIO_GRIB1 -DBIT32 -D_UNGRIB -DUSE_JPEG2000 -DUSE_PNG gridinfo.F90 > gridinfo.f
ftn -O3 -fp-model strict -g -traceback  -FR -convert big_endian -assume noold_ldout_format -I/gpfs/hps/nco/ops/nwpara/hiresw.v7.0.16/sorc/hiresw_nps.fd/NPS/dio -I/gpfs/hps/nco/ops/nwprod/lib/nemsio/v2.2.2/intel/include/nemsio_v2.2.2 -I/gpfs/hps/nco/ops/nwprod/lib/g2/v3.1.0/intel/include/g2_v3.1.0_4 -c gridinfo.f
/bin/rm -f gridinfo.f
/bin/rm -f new_storage.o new_storage.mod
/lib/cpp -C -P -traditional -D_UNDERSCORE -DBYTESWAP -DLINUX -DIO_NETCDF -DIO_BINARY -DIO_GRIB1 -DBIT32 -D_UNGRIB -DUSE_JPEG2000 -DUSE_PNG new_storage.F90 > new_storage.f
ftn -O3 -fp-model strict -g -traceback  -FR -convert big_endian -assume noold_ldout_format -I/gpfs/hps/nco/ops/nwpara/hiresw.v7.0.16/sorc/hiresw_nps.fd/NPS/dio -I/gpfs/hps/nco/ops/nwprod/lib/nemsio/v2.2.2/intel/include/nemsio_v2.2.2 -I/gpfs/hps/nco/ops/nwprod/lib/g2/v3.1.0/intel/include/g2_v3.1.0_4 -c new_storage.f
/bin/rm -f new_storage.f
/bin/rm -f filelist.o filelist.mod
/lib/cpp -C -P -traditional -D_UNDERSCORE -DBYTESWAP -DLINUX -DIO_NETCDF -DIO_BINARY -DIO_GRIB1 -DBIT32 -D_UNGRIB -DUSE_JPEG2000 -DUSE_PNG filelist.F90 > filelist.f
ftn -O3 -fp-model strict -g -traceback  -FR -convert big_endian -assume noold_ldout_format -I/gpfs/hps/nco/ops/nwpara/hiresw.v7.0.16/sorc/hiresw_nps.fd/NPS/dio -I/gpfs/hps/nco/ops/nwprod/lib/nemsio/v2.2.2/intel/include/nemsio_v2.2.2 -I/gpfs/hps/nco/ops/nwprod/lib/g2/v3.1.0/intel/include/g2_v3.1.0_4 -c filelist.f
/bin/rm -f filelist.f
/bin/rm -f ungrib.o ungrib.mod
/lib/cpp -C -P -traditional -D_UNDERSCORE -DBYTESWAP -DLINUX -DIO_NETCDF -DIO_BINARY -DIO_GRIB1 -DBIT32 -D_UNGRIB -DUSE_JPEG2000 -DUSE_PNG ungrib.F90 > ungrib.f
ftn -O3 -fp-model strict -g -traceback  -FR -convert big_endian -assume noold_ldout_format -I/gpfs/hps/nco/ops/nwpara/hiresw.v7.0.16/sorc/hiresw_nps.fd/NPS/dio -I/gpfs/hps/nco/ops/nwprod/lib/nemsio/v2.2.2/intel/include/nemsio_v2.2.2 -I/gpfs/hps/nco/ops/nwprod/lib/g2/v3.1.0/intel/include/g2_v3.1.0_4 -c ungrib.f
/bin/rm -f ungrib.f
/bin/rm -f output.o output.mod
/lib/cpp -C -P -traditional -D_UNDERSCORE -DBYTESWAP -DLINUX -DIO_NETCDF -DIO_BINARY -DIO_GRIB1 -DBIT32 -D_UNGRIB -DUSE_JPEG2000 -DUSE_PNG output.F90 > output.f
ftn -O3 -fp-model strict -g -traceback  -FR -convert big_endian -assume noold_ldout_format -I/gpfs/hps/nco/ops/nwpara/hiresw.v7.0.16/sorc/hiresw_nps.fd/NPS/dio -I/gpfs/hps/nco/ops/nwprod/lib/nemsio/v2.2.2/intel/include/nemsio_v2.2.2 -I/gpfs/hps/nco/ops/nwprod/lib/g2/v3.1.0/intel/include/g2_v3.1.0_4 -c output.f
/bin/rm -f output.f
/bin/rm -f rrpr.o rrpr.mod
/lib/cpp -C -P -traditional -D_UNDERSCORE -DBYTESWAP -DLINUX -DIO_NETCDF -DIO_BINARY -DIO_GRIB1 -DBIT32 -D_UNGRIB -DUSE_JPEG2000 -DUSE_PNG rrpr.F90 > rrpr.f
ftn -O3 -fp-model strict -g -traceback  -FR -convert big_endian -assume noold_ldout_format -I/gpfs/hps/nco/ops/nwpara/hiresw.v7.0.16/sorc/hiresw_nps.fd/NPS/dio -I/gpfs/hps/nco/ops/nwprod/lib/nemsio/v2.2.2/intel/include/nemsio_v2.2.2 -I/gpfs/hps/nco/ops/nwprod/lib/g2/v3.1.0/intel/include/g2_v3.1.0_4 -c rrpr.f
/bin/rm -f rrpr.f
/bin/rm -f rd_grib1.o rd_grib1.mod
/lib/cpp -C -P -traditional -D_UNDERSCORE -DBYTESWAP -DLINUX -DIO_NETCDF -DIO_BINARY -DIO_GRIB1 -DBIT32 -D_UNGRIB -DUSE_JPEG2000 -DUSE_PNG rd_grib1.F90 > rd_grib1.f
ftn -O3 -fp-model strict -g -traceback  -FR -convert big_endian -assume noold_ldout_format -I/gpfs/hps/nco/ops/nwpara/hiresw.v7.0.16/sorc/hiresw_nps.fd/NPS/dio -I/gpfs/hps/nco/ops/nwprod/lib/nemsio/v2.2.2/intel/include/nemsio_v2.2.2 -I/gpfs/hps/nco/ops/nwprod/lib/g2/v3.1.0/intel/include/g2_v3.1.0_4 -c rd_grib1.f
/bin/rm -f rd_grib1.f
/bin/rm -f file_delete.o file_delete.mod
/lib/cpp -C -P -traditional -D_UNDERSCORE -DBYTESWAP -DLINUX -DIO_NETCDF -DIO_BINARY -DIO_GRIB1 -DBIT32 -D_UNGRIB -DUSE_JPEG2000 -DUSE_PNG file_delete.F90 > file_delete.f
ftn -O3 -fp-model strict -g -traceback  -FR -convert big_endian -assume noold_ldout_format -I/gpfs/hps/nco/ops/nwpara/hiresw.v7.0.16/sorc/hiresw_nps.fd/NPS/dio -I/gpfs/hps/nco/ops/nwprod/lib/nemsio/v2.2.2/intel/include/nemsio_v2.2.2 -I/gpfs/hps/nco/ops/nwprod/lib/g2/v3.1.0/intel/include/g2_v3.1.0_4 -c file_delete.f
/bin/rm -f file_delete.f
/bin/rm -f datint.o datint.mod
/lib/cpp -C -P -traditional -D_UNDERSCORE -DBYTESWAP -DLINUX -DIO_NETCDF -DIO_BINARY -DIO_GRIB1 -DBIT32 -D_UNGRIB -DUSE_JPEG2000 -DUSE_PNG datint.F90 > datint.f
ftn -O3 -fp-model strict -g -traceback  -FR -convert big_endian -assume noold_ldout_format -I/gpfs/hps/nco/ops/nwpara/hiresw.v7.0.16/sorc/hiresw_nps.fd/NPS/dio -I/gpfs/hps/nco/ops/nwprod/lib/nemsio/v2.2.2/intel/include/nemsio_v2.2.2 -I/gpfs/hps/nco/ops/nwprod/lib/g2/v3.1.0/intel/include/g2_v3.1.0_4 -c datint.f
/bin/rm -f datint.f
/lib/cpp -C -P -traditional -D_UNDERSCORE -DBYTESWAP -DLINUX -DIO_NETCDF -DIO_BINARY -DIO_GRIB1 -DBIT32 -D_UNGRIB rd_grib2.F90 > rd_grib2.f
ftn -O3 -fp-model strict -g -traceback  -c -convert big_endian -assume noold_ldout_format rd_grib2.f -I. -I/gpfs/hps/nco/ops/nwprod/lib/g2/v3.1.0/intel/include/g2_v3.1.0_4
/bin/rm -f rd_grib2.f
/bin/rm -f num_parthds.o num_parthds.mod
/lib/cpp -C -P -traditional -D_UNDERSCORE -DBYTESWAP -DLINUX -DIO_NETCDF -DIO_BINARY -DIO_GRIB1 -DBIT32 -D_UNGRIB -DUSE_JPEG2000 -DUSE_PNG num_parthds.F90 > num_parthds.f
ftn -O3 -fp-model strict -g -traceback  -FR -convert big_endian -assume noold_ldout_format -I/gpfs/hps/nco/ops/nwpara/hiresw.v7.0.16/sorc/hiresw_nps.fd/NPS/dio -I/gpfs/hps/nco/ops/nwprod/lib/nemsio/v2.2.2/intel/include/nemsio_v2.2.2 -I/gpfs/hps/nco/ops/nwprod/lib/g2/v3.1.0/intel/include/g2_v3.1.0_4 -c num_parthds.f
/bin/rm -f num_parthds.f
/bin/rm -f build_hdate.o build_hdate.mod
/lib/cpp -C -P -traditional -D_UNDERSCORE -DBYTESWAP -DLINUX -DIO_NETCDF -DIO_BINARY -DIO_GRIB1 -DBIT32 -D_UNGRIB -DUSE_JPEG2000 -DUSE_PNG build_hdate.F90 > build_hdate.f
ftn -O3 -fp-model strict -g -traceback  -FR -convert big_endian -assume noold_ldout_format -I/gpfs/hps/nco/ops/nwpara/hiresw.v7.0.16/sorc/hiresw_nps.fd/NPS/dio -I/gpfs/hps/nco/ops/nwprod/lib/nemsio/v2.2.2/intel/include/nemsio_v2.2.2 -I/gpfs/hps/nco/ops/nwprod/lib/g2/v3.1.0/intel/include/g2_v3.1.0_4 -c build_hdate.f
/bin/rm -f build_hdate.f
/bin/rm -f geth_newdate.o geth_newdate.mod
/lib/cpp -C -P -traditional -D_UNDERSCORE -DBYTESWAP -DLINUX -DIO_NETCDF -DIO_BINARY -DIO_GRIB1 -DBIT32 -D_UNGRIB -DUSE_JPEG2000 -DUSE_PNG geth_newdate.F90 > geth_newdate.f
ftn -O3 -fp-model strict -g -traceback  -FR -convert big_endian -assume noold_ldout_format -I/gpfs/hps/nco/ops/nwpara/hiresw.v7.0.16/sorc/hiresw_nps.fd/NPS/dio -I/gpfs/hps/nco/ops/nwprod/lib/nemsio/v2.2.2/intel/include/nemsio_v2.2.2 -I/gpfs/hps/nco/ops/nwprod/lib/g2/v3.1.0/intel/include/g2_v3.1.0_4 -c geth_newdate.f
/bin/rm -f geth_newdate.f
/bin/rm -f geth_idts.o geth_idts.mod
/lib/cpp -C -P -traditional -D_UNDERSCORE -DBYTESWAP -DLINUX -DIO_NETCDF -DIO_BINARY -DIO_GRIB1 -DBIT32 -D_UNGRIB -DUSE_JPEG2000 -DUSE_PNG geth_idts.F90 > geth_idts.f
ftn -O3 -fp-model strict -g -traceback  -FR -convert big_endian -assume noold_ldout_format -I/gpfs/hps/nco/ops/nwpara/hiresw.v7.0.16/sorc/hiresw_nps.fd/NPS/dio -I/gpfs/hps/nco/ops/nwprod/lib/nemsio/v2.2.2/intel/include/nemsio_v2.2.2 -I/gpfs/hps/nco/ops/nwprod/lib/g2/v3.1.0/intel/include/g2_v3.1.0_4 -c geth_idts.f
/bin/rm -f geth_idts.f
/bin/rm -f swap.o swap.mod
/lib/cpp -C -P -traditional -D_UNDERSCORE -DBYTESWAP -DLINUX -DIO_NETCDF -DIO_BINARY -DIO_GRIB1 -DBIT32 -D_UNGRIB -DUSE_JPEG2000 -DUSE_PNG swap.F90 > swap.f
ftn -O3 -fp-model strict -g -traceback  -FR -convert big_endian -assume noold_ldout_format -I/gpfs/hps/nco/ops/nwpara/hiresw.v7.0.16/sorc/hiresw_nps.fd/NPS/dio -I/gpfs/hps/nco/ops/nwprod/lib/nemsio/v2.2.2/intel/include/nemsio_v2.2.2 -I/gpfs/hps/nco/ops/nwprod/lib/g2/v3.1.0/intel/include/g2_v3.1.0_4 -c swap.f
/bin/rm -f swap.f
/bin/rm -f parse_table.o parse_table.mod
/lib/cpp -C -P -traditional -D_UNDERSCORE -DBYTESWAP -DLINUX -DIO_NETCDF -DIO_BINARY -DIO_GRIB1 -DBIT32 -D_UNGRIB -DUSE_JPEG2000 -DUSE_PNG parse_table.F90 > parse_table.f
ftn -O3 -fp-model strict -g -traceback  -FR -convert big_endian -assume noold_ldout_format -I/gpfs/hps/nco/ops/nwpara/hiresw.v7.0.16/sorc/hiresw_nps.fd/NPS/dio -I/gpfs/hps/nco/ops/nwprod/lib/nemsio/v2.2.2/intel/include/nemsio_v2.2.2 -I/gpfs/hps/nco/ops/nwprod/lib/g2/v3.1.0/intel/include/g2_v3.1.0_4 -c parse_table.f
/bin/rm -f parse_table.f
/bin/rm -f gbytesys.o gbytesys.mod
/lib/cpp -C -P -traditional -D_UNDERSCORE -DBYTESWAP -DLINUX -DIO_NETCDF -DIO_BINARY -DIO_GRIB1 -DBIT32 -D_UNGRIB -DUSE_JPEG2000 -DUSE_PNG gbytesys.F90 > gbytesys.f
ftn -O3 -fp-model strict -g -traceback  -FR -convert big_endian -assume noold_ldout_format -I/gpfs/hps/nco/ops/nwpara/hiresw.v7.0.16/sorc/hiresw_nps.fd/NPS/dio -I/gpfs/hps/nco/ops/nwprod/lib/nemsio/v2.2.2/intel/include/nemsio_v2.2.2 -I/gpfs/hps/nco/ops/nwprod/lib/g2/v3.1.0/intel/include/g2_v3.1.0_4 -c gbytesys.f
/bin/rm -f gbytesys.f
/bin/rm -f gribcode.o gribcode.mod
/lib/cpp -C -P -traditional -D_UNDERSCORE -DBYTESWAP -DLINUX -DIO_NETCDF -DIO_BINARY -DIO_GRIB1 -DBIT32 -D_UNGRIB -DUSE_JPEG2000 -DUSE_PNG gribcode.F90 > gribcode.f
ftn -O3 -fp-model strict -g -traceback  -FR -convert big_endian -assume noold_ldout_format -I/gpfs/hps/nco/ops/nwpara/hiresw.v7.0.16/sorc/hiresw_nps.fd/NPS/dio -I/gpfs/hps/nco/ops/nwprod/lib/nemsio/v2.2.2/intel/include/nemsio_v2.2.2 -I/gpfs/hps/nco/ops/nwprod/lib/g2/v3.1.0/intel/include/g2_v3.1.0_4 -c gribcode.f
/bin/rm -f gribcode.f
/bin/rm -f read_namelist.o read_namelist.mod
/lib/cpp -C -P -traditional -D_UNDERSCORE -DBYTESWAP -DLINUX -DIO_NETCDF -DIO_BINARY -DIO_GRIB1 -DBIT32 -D_UNGRIB -DUSE_JPEG2000 -DUSE_PNG read_namelist.F90 > read_namelist.f
ftn -O3 -fp-model strict -g -traceback  -FR -convert big_endian -assume noold_ldout_format -I/gpfs/hps/nco/ops/nwpara/hiresw.v7.0.16/sorc/hiresw_nps.fd/NPS/dio -I/gpfs/hps/nco/ops/nwprod/lib/nemsio/v2.2.2/intel/include/nemsio_v2.2.2 -I/gpfs/hps/nco/ops/nwprod/lib/g2/v3.1.0/intel/include/g2_v3.1.0_4 -c read_namelist.f
/bin/rm -f read_namelist.f
/bin/rm -f cio.o
cc -O3 -D_UNDERSCORE -DBYTESWAP -DLINUX -DIO_NETCDF -DIO_BINARY -DIO_GRIB1 -DBIT32 -D_UNGRIB -O -c cio.c	
/bin/rm -f libpgu.a
ar ru libpgu.a build_hdate.o geth_newdate.o geth_idts.o swap.o table.o parse_table.o gbytesys.o gribcode.o read_namelist.o cio.o
ar: creating libpgu.a
echo libpgu.a
libpgu.a
/bin/rm -f ungrib.exe
ftn -O3 -fp-model strict -g -traceback  -I/gpfs/hps/nco/ops/nwprod/lib/sigio/v2.0.1/intel/include/sigio_v2.0.1_4 -o ungrib.exe  misc_definitions_module.o debug_cio.o module_debug.o module_stringutil.o table.o module_datarray.o gridinfo.o new_storage.o filelist.o ungrib.o output.o rrpr.o rd_grib1.o file_delete.o datint.o rd_grib2.o  num_parthds.o \
				/gpfs/hps/nco/ops/nwprod/lib/g2/v3.1.0/intel/libg2_v3.1.0_4.a /usrx/local/prod//jasper/1.900.1/gnu/sandybridge/lib/libjasper.a /usrx/local/prod//png/1.2.44/intel/sandybridge/lib/libpng.a /usrx/local/prod/zlib/1.2.7/intel/sandybridge/lib/libz.a /gpfs/hps/nco/ops/nwprod/lib/w3nco/v2.0.6/intel/libw3nco_v2.0.6_4.a /gpfs/hps/nco/ops/nwprod/lib/w3emc/v2.2.0/intel/libw3emc_v2.2.0_4.a /gpfs/hps/nco/ops/nwprod/lib/bacio/v2.0.1/intel/libbacio_v2.0.1_4.a \
				/usrx/local/prod//jasper/1.900.1/gnu/sandybridge/lib/libjasper.a /usrx/local/prod//png/1.2.44/intel/sandybridge/lib/libpng.a /usrx/local/prod/zlib/1.2.7/intel/sandybridge/lib/libz.a \
				-L. -lpgu /gpfs/hps/nco/ops/nwprod/lib/sp/v2.0.2/intel/libsp_v2.0.2_4.a /gpfs/hps/nco/ops/nwprod/lib/sigio/v2.0.1/intel/libsigio_v2.0.1_4.a
/usrx/local/prod//jasper/1.900.1/gnu/sandybridge/lib/libjasper.a(jas_stream.o): In function `jas_stream_tmpfile':
/usrx/local/prod/jasper/1.900.1/gnu/sandybridge/sorc/jasper-1.900.1/src/libjasper/base/jas_stream.c:368: warning: the use of `tmpnam' is dangerous, better use `mkstemp'
make[1]: Leaving directory `/gpfs/hps/nco/ops/nwpara/hiresw.v7.0.16/sorc/hiresw_nps.fd/NPS/ungrib/src'
if [ -h ungrib.exe ] ; then \
	        /bin/rm -f ungrib.exe ; \
	fi ; \
	if [ -h ../ungrib.exe ] ; then \
		/bin/rm -f ../ungrib.exe ; \
	fi ; \
	if [ -e src/ungrib.exe ] ; then \
		ln -sf src/ungrib.exe . ; \
	fi
+++ ./compile metgrid
 
**** Compiling metgrid ****
 
make: Nothing to be done for `all'.
( cd src ; \
	make -i -r metgrid.exe \
		FC="ftn -O3 -fp-model strict -g -traceback " \
		CC="cc -O3" \
		CPP="/lib/cpp -C -P -traditional" \
		FFLAGS="-FR -convert big_endian -assume noold_ldout_format" \
		CFLAGS="-O" \
		LDFLAGS="" \
		CPPFLAGS="-D_UNDERSCORE -DBYTESWAP -DLINUX -DIO_NETCDF -DIO_BINARY -DIO_GRIB1 -DBIT32 -D_METGRID" )
make[1]: Entering directory `/gpfs/hps/nco/ops/nwpara/hiresw.v7.0.16/sorc/hiresw_nps.fd/NPS/metgrid/src'
/bin/rm -f cio.o
cc -O3 -D_UNDERSCORE -DBYTESWAP -DLINUX -DIO_NETCDF -DIO_BINARY -DIO_GRIB1 -DBIT32 -D_METGRID -O -c cio.c	
/bin/rm -f wrf_debug.o wrf_debug.mod
/bin/cp wrf_debug.f90 wrf_debug.f
ftn -O3 -fp-model strict -g -traceback  -FR -convert big_endian -assume noold_ldout_format -I/gpfs/hps/nco/ops/nwpara/hiresw.v7.0.16/sorc/hiresw_nps.fd/NPS/dio -I/gpfs/hps/nco/ops/nwprod/lib/nemsio/v2.2.2/intel/include/nemsio_v2.2.2 -I/gpfs/hps/nco/ops/nwprod/lib/g2/v3.1.0/intel/include/g2_v3.1.0_4 -c wrf_debug.f
/bin/rm -f wrf_debug.f
/bin/rm -f parallel_module.o parallel_module.mod
/lib/cpp -C -P -traditional -D_UNDERSCORE -DBYTESWAP -DLINUX -DIO_NETCDF -DIO_BINARY -DIO_GRIB1 -DBIT32 -D_METGRID -DUSE_JPEG2000 -DUSE_PNG parallel_module.F90 > parallel_module.f
ftn -O3 -fp-model strict -g -traceback  -FR -convert big_endian -assume noold_ldout_format -I/gpfs/hps/nco/ops/nwpara/hiresw.v7.0.16/sorc/hiresw_nps.fd/NPS/dio -I/gpfs/hps/nco/ops/nwprod/lib/nemsio/v2.2.2/intel/include/nemsio_v2.2.2 -I/gpfs/hps/nco/ops/nwprod/lib/g2/v3.1.0/intel/include/g2_v3.1.0_4 -c parallel_module.f
/bin/rm -f parallel_module.f
/bin/rm -f module_debug.o module_debug.mod
/lib/cpp -C -P -traditional -D_UNDERSCORE -DBYTESWAP -DLINUX -DIO_NETCDF -DIO_BINARY -DIO_GRIB1 -DBIT32 -D_METGRID -DUSE_JPEG2000 -DUSE_PNG module_debug.F90 > module_debug.f
ftn -O3 -fp-model strict -g -traceback  -FR -convert big_endian -assume noold_ldout_format -I/gpfs/hps/nco/ops/nwpara/hiresw.v7.0.16/sorc/hiresw_nps.fd/NPS/dio -I/gpfs/hps/nco/ops/nwprod/lib/nemsio/v2.2.2/intel/include/nemsio_v2.2.2 -I/gpfs/hps/nco/ops/nwprod/lib/g2/v3.1.0/intel/include/g2_v3.1.0_4 -c module_debug.f
/bin/rm -f module_debug.f
/bin/rm -f bitarray_module.o bitarray_module.mod
/bin/cp bitarray_module.f90 bitarray_module.f
ftn -O3 -fp-model strict -g -traceback  -FR -convert big_endian -assume noold_ldout_format -I/gpfs/hps/nco/ops/nwpara/hiresw.v7.0.16/sorc/hiresw_nps.fd/NPS/dio -I/gpfs/hps/nco/ops/nwprod/lib/nemsio/v2.2.2/intel/include/nemsio_v2.2.2 -I/gpfs/hps/nco/ops/nwprod/lib/g2/v3.1.0/intel/include/g2_v3.1.0_4 -c bitarray_module.f
/bin/rm -f bitarray_module.f
/bin/rm -f constants_module.o constants_module.mod
/bin/cp constants_module.f90 constants_module.f
ftn -O3 -fp-model strict -g -traceback  -FR -convert big_endian -assume noold_ldout_format -I/gpfs/hps/nco/ops/nwpara/hiresw.v7.0.16/sorc/hiresw_nps.fd/NPS/dio -I/gpfs/hps/nco/ops/nwprod/lib/nemsio/v2.2.2/intel/include/nemsio_v2.2.2 -I/gpfs/hps/nco/ops/nwprod/lib/g2/v3.1.0/intel/include/g2_v3.1.0_4 -c constants_module.f
/bin/rm -f constants_module.f
/bin/rm -f datatype_module.o datatype_module.mod
/bin/cp datatype_module.f90 datatype_module.f
ftn -O3 -fp-model strict -g -traceback  -FR -convert big_endian -assume noold_ldout_format -I/gpfs/hps/nco/ops/nwpara/hiresw.v7.0.16/sorc/hiresw_nps.fd/NPS/dio -I/gpfs/hps/nco/ops/nwprod/lib/nemsio/v2.2.2/intel/include/nemsio_v2.2.2 -I/gpfs/hps/nco/ops/nwprod/lib/g2/v3.1.0/intel/include/g2_v3.1.0_4 -c datatype_module.f
/bin/rm -f datatype_module.f
/bin/rm -f despace.o despace.mod
/bin/cp despace.f90 despace.f
ftn -O3 -fp-model strict -g -traceback  -FR -convert big_endian -assume noold_ldout_format -I/gpfs/hps/nco/ops/nwpara/hiresw.v7.0.16/sorc/hiresw_nps.fd/NPS/dio -I/gpfs/hps/nco/ops/nwprod/lib/nemsio/v2.2.2/intel/include/nemsio_v2.2.2 -I/gpfs/hps/nco/ops/nwprod/lib/g2/v3.1.0/intel/include/g2_v3.1.0_4 -c despace.f
/bin/rm -f despace.f
/bin/rm -f misc_definitions_module.o misc_definitions_module.mod
/bin/cp misc_definitions_module.f90 misc_definitions_module.f
ftn -O3 -fp-model strict -g -traceback  -FR -convert big_endian -assume noold_ldout_format -I/gpfs/hps/nco/ops/nwpara/hiresw.v7.0.16/sorc/hiresw_nps.fd/NPS/dio -I/gpfs/hps/nco/ops/nwprod/lib/nemsio/v2.2.2/intel/include/nemsio_v2.2.2 -I/gpfs/hps/nco/ops/nwprod/lib/g2/v3.1.0/intel/include/g2_v3.1.0_4 -c misc_definitions_module.f
/bin/rm -f misc_definitions_module.f
/bin/rm -f gridinfo_module.o gridinfo_module.mod
/lib/cpp -C -P -traditional -D_UNDERSCORE -DBYTESWAP -DLINUX -DIO_NETCDF -DIO_BINARY -DIO_GRIB1 -DBIT32 -D_METGRID -DUSE_JPEG2000 -DUSE_PNG gridinfo_module.F90 > gridinfo_module.f
ftn -O3 -fp-model strict -g -traceback  -FR -convert big_endian -assume noold_ldout_format -I/gpfs/hps/nco/ops/nwpara/hiresw.v7.0.16/sorc/hiresw_nps.fd/NPS/dio -I/gpfs/hps/nco/ops/nwprod/lib/nemsio/v2.2.2/intel/include/nemsio_v2.2.2 -I/gpfs/hps/nco/ops/nwprod/lib/g2/v3.1.0/intel/include/g2_v3.1.0_4 -c gridinfo_module.f
/bin/rm -f gridinfo_module.f
/bin/rm -f list_module.o list_module.mod
/bin/cp list_module.f90 list_module.f
ftn -O3 -fp-model strict -g -traceback  -FR -convert big_endian -assume noold_ldout_format -I/gpfs/hps/nco/ops/nwpara/hiresw.v7.0.16/sorc/hiresw_nps.fd/NPS/dio -I/gpfs/hps/nco/ops/nwprod/lib/nemsio/v2.2.2/intel/include/nemsio_v2.2.2 -I/gpfs/hps/nco/ops/nwprod/lib/g2/v3.1.0/intel/include/g2_v3.1.0_4 -c list_module.f
/bin/rm -f list_module.f
/bin/rm -f interp_option_module.o interp_option_module.mod
/bin/cp interp_option_module.f90 interp_option_module.f
ftn -O3 -fp-model strict -g -traceback  -FR -convert big_endian -assume noold_ldout_format -I/gpfs/hps/nco/ops/nwpara/hiresw.v7.0.16/sorc/hiresw_nps.fd/NPS/dio -I/gpfs/hps/nco/ops/nwprod/lib/nemsio/v2.2.2/intel/include/nemsio_v2.2.2 -I/gpfs/hps/nco/ops/nwprod/lib/g2/v3.1.0/intel/include/g2_v3.1.0_4 -c interp_option_module.f
/bin/rm -f interp_option_module.f
/bin/rm -f module_date_pack.o module_date_pack.mod
/bin/cp module_date_pack.f90 module_date_pack.f
ftn -O3 -fp-model strict -g -traceback  -FR -convert big_endian -assume noold_ldout_format -I/gpfs/hps/nco/ops/nwpara/hiresw.v7.0.16/sorc/hiresw_nps.fd/NPS/dio -I/gpfs/hps/nco/ops/nwprod/lib/nemsio/v2.2.2/intel/include/nemsio_v2.2.2 -I/gpfs/hps/nco/ops/nwprod/lib/g2/v3.1.0/intel/include/g2_v3.1.0_4 -c module_date_pack.f
/bin/rm -f module_date_pack.f
/bin/rm -f queue_module.o queue_module.mod
/lib/cpp -C -P -traditional -D_UNDERSCORE -DBYTESWAP -DLINUX -DIO_NETCDF -DIO_BINARY -DIO_GRIB1 -DBIT32 -D_METGRID -DUSE_JPEG2000 -DUSE_PNG queue_module.F90 > queue_module.f
ftn -O3 -fp-model strict -g -traceback  -FR -convert big_endian -assume noold_ldout_format -I/gpfs/hps/nco/ops/nwpara/hiresw.v7.0.16/sorc/hiresw_nps.fd/NPS/dio -I/gpfs/hps/nco/ops/nwprod/lib/nemsio/v2.2.2/intel/include/nemsio_v2.2.2 -I/gpfs/hps/nco/ops/nwprod/lib/g2/v3.1.0/intel/include/g2_v3.1.0_4 -c queue_module.f
/bin/rm -f queue_module.f
/bin/rm -f input_module.o input_module.mod
/lib/cpp -C -P -traditional -D_UNDERSCORE -DBYTESWAP -DLINUX -DIO_NETCDF -DIO_BINARY -DIO_GRIB1 -DBIT32 -D_METGRID -DUSE_JPEG2000 -DUSE_PNG input_module.F90 > input_module.f
ftn -O3 -fp-model strict -g -traceback  -FR -convert big_endian -assume noold_ldout_format -I/gpfs/hps/nco/ops/nwpara/hiresw.v7.0.16/sorc/hiresw_nps.fd/NPS/dio -I/gpfs/hps/nco/ops/nwprod/lib/nemsio/v2.2.2/intel/include/nemsio_v2.2.2 -I/gpfs/hps/nco/ops/nwprod/lib/g2/v3.1.0/intel/include/g2_v3.1.0_4 -c input_module.f
/bin/rm -f input_module.f
/bin/rm -f interp_module.o interp_module.mod
/bin/cp interp_module.f90 interp_module.f
ftn -O3 -fp-model strict -g -traceback  -FR -convert big_endian -assume noold_ldout_format -I/gpfs/hps/nco/ops/nwpara/hiresw.v7.0.16/sorc/hiresw_nps.fd/NPS/dio -I/gpfs/hps/nco/ops/nwprod/lib/nemsio/v2.2.2/intel/include/nemsio_v2.2.2 -I/gpfs/hps/nco/ops/nwprod/lib/g2/v3.1.0/intel/include/g2_v3.1.0_4 -c interp_module.f
/bin/rm -f interp_module.f
/bin/rm -f module_map_utils.o module_map_utils.mod
/bin/cp module_map_utils.f90 module_map_utils.f
ftn -O3 -fp-model strict -g -traceback  -FR -convert big_endian -assume noold_ldout_format -I/gpfs/hps/nco/ops/nwpara/hiresw.v7.0.16/sorc/hiresw_nps.fd/NPS/dio -I/gpfs/hps/nco/ops/nwprod/lib/nemsio/v2.2.2/intel/include/nemsio_v2.2.2 -I/gpfs/hps/nco/ops/nwprod/lib/g2/v3.1.0/intel/include/g2_v3.1.0_4 -c module_map_utils.f
/bin/rm -f module_map_utils.f
/bin/rm -f llxy_module.o llxy_module.mod
/lib/cpp -C -P -traditional -D_UNDERSCORE -DBYTESWAP -DLINUX -DIO_NETCDF -DIO_BINARY -DIO_GRIB1 -DBIT32 -D_METGRID -DUSE_JPEG2000 -DUSE_PNG llxy_module.F90 > llxy_module.f
ftn -O3 -fp-model strict -g -traceback  -FR -convert big_endian -assume noold_ldout_format -I/gpfs/hps/nco/ops/nwpara/hiresw.v7.0.16/sorc/hiresw_nps.fd/NPS/dio -I/gpfs/hps/nco/ops/nwprod/lib/nemsio/v2.2.2/intel/include/nemsio_v2.2.2 -I/gpfs/hps/nco/ops/nwprod/lib/g2/v3.1.0/intel/include/g2_v3.1.0_4 -c llxy_module.f
/bin/rm -f llxy_module.f
/bin/rm -f module_mergesort.o module_mergesort.mod
/bin/cp module_mergesort.f90 module_mergesort.f
ftn -O3 -fp-model strict -g -traceback  -FR -convert big_endian -assume noold_ldout_format -I/gpfs/hps/nco/ops/nwpara/hiresw.v7.0.16/sorc/hiresw_nps.fd/NPS/dio -I/gpfs/hps/nco/ops/nwprod/lib/nemsio/v2.2.2/intel/include/nemsio_v2.2.2 -I/gpfs/hps/nco/ops/nwprod/lib/g2/v3.1.0/intel/include/g2_v3.1.0_4 -c module_mergesort.f
/bin/rm -f module_mergesort.f
/bin/rm -f minheap_module.o minheap_module.mod
/bin/cp minheap_module.f90 minheap_module.f
ftn -O3 -fp-model strict -g -traceback  -FR -convert big_endian -assume noold_ldout_format -I/gpfs/hps/nco/ops/nwpara/hiresw.v7.0.16/sorc/hiresw_nps.fd/NPS/dio -I/gpfs/hps/nco/ops/nwprod/lib/nemsio/v2.2.2/intel/include/nemsio_v2.2.2 -I/gpfs/hps/nco/ops/nwprod/lib/g2/v3.1.0/intel/include/g2_v3.1.0_4 -c minheap_module.f
/bin/rm -f minheap_module.f
/bin/rm -f storage_module.o storage_module.mod
/lib/cpp -C -P -traditional -D_UNDERSCORE -DBYTESWAP -DLINUX -DIO_NETCDF -DIO_BINARY -DIO_GRIB1 -DBIT32 -D_METGRID -DUSE_JPEG2000 -DUSE_PNG storage_module.F90 > storage_module.f
ftn -O3 -fp-model strict -g -traceback  -FR -convert big_endian -assume noold_ldout_format -I/gpfs/hps/nco/ops/nwpara/hiresw.v7.0.16/sorc/hiresw_nps.fd/NPS/dio -I/gpfs/hps/nco/ops/nwprod/lib/nemsio/v2.2.2/intel/include/nemsio_v2.2.2 -I/gpfs/hps/nco/ops/nwprod/lib/g2/v3.1.0/intel/include/g2_v3.1.0_4 -c storage_module.f
/bin/rm -f storage_module.f
/bin/rm -f output_module.o output_module.mod
/lib/cpp -C -P -traditional -D_UNDERSCORE -DBYTESWAP -DLINUX -DIO_NETCDF -DIO_BINARY -DIO_GRIB1 -DBIT32 -D_METGRID -DUSE_JPEG2000 -DUSE_PNG output_module.F90 > output_module.f
ftn -O3 -fp-model strict -g -traceback  -FR -convert big_endian -assume noold_ldout_format -I/gpfs/hps/nco/ops/nwpara/hiresw.v7.0.16/sorc/hiresw_nps.fd/NPS/dio -I/gpfs/hps/nco/ops/nwprod/lib/nemsio/v2.2.2/intel/include/nemsio_v2.2.2 -I/gpfs/hps/nco/ops/nwprod/lib/g2/v3.1.0/intel/include/g2_v3.1.0_4 -c output_module.f
/bin/rm -f output_module.f
/bin/rm -f met_data_module.o met_data_module.mod
/bin/cp met_data_module.f90 met_data_module.f
ftn -O3 -fp-model strict -g -traceback  -FR -convert big_endian -assume noold_ldout_format -I/gpfs/hps/nco/ops/nwpara/hiresw.v7.0.16/sorc/hiresw_nps.fd/NPS/dio -I/gpfs/hps/nco/ops/nwprod/lib/nemsio/v2.2.2/intel/include/nemsio_v2.2.2 -I/gpfs/hps/nco/ops/nwprod/lib/g2/v3.1.0/intel/include/g2_v3.1.0_4 -c met_data_module.f
/bin/rm -f met_data_module.f
/bin/rm -f read_met_module.o read_met_module.mod
/lib/cpp -C -P -traditional -D_UNDERSCORE -DBYTESWAP -DLINUX -DIO_NETCDF -DIO_BINARY -DIO_GRIB1 -DBIT32 -D_METGRID -DUSE_JPEG2000 -DUSE_PNG read_met_module.F90 > read_met_module.f
ftn -O3 -fp-model strict -g -traceback  -FR -convert big_endian -assume noold_ldout_format -I/gpfs/hps/nco/ops/nwpara/hiresw.v7.0.16/sorc/hiresw_nps.fd/NPS/dio -I/gpfs/hps/nco/ops/nwprod/lib/nemsio/v2.2.2/intel/include/nemsio_v2.2.2 -I/gpfs/hps/nco/ops/nwprod/lib/g2/v3.1.0/intel/include/g2_v3.1.0_4 -c read_met_module.f
/bin/rm -f read_met_module.f
/bin/rm -f rotate_winds_module.o rotate_winds_module.mod
/bin/cp rotate_winds_module.f90 rotate_winds_module.f
ftn -O3 -fp-model strict -g -traceback  -FR -convert big_endian -assume noold_ldout_format -I/gpfs/hps/nco/ops/nwpara/hiresw.v7.0.16/sorc/hiresw_nps.fd/NPS/dio -I/gpfs/hps/nco/ops/nwprod/lib/nemsio/v2.2.2/intel/include/nemsio_v2.2.2 -I/gpfs/hps/nco/ops/nwprod/lib/g2/v3.1.0/intel/include/g2_v3.1.0_4 -c rotate_winds_module.f
/bin/rm -f rotate_winds_module.f
/bin/rm -f process_domain_module.o process_domain_module.mod
/lib/cpp -C -P -traditional -D_UNDERSCORE -DBYTESWAP -DLINUX -DIO_NETCDF -DIO_BINARY -DIO_GRIB1 -DBIT32 -D_METGRID -DUSE_JPEG2000 -DUSE_PNG process_domain_module.F90 > process_domain_module.f
ftn -O3 -fp-model strict -g -traceback  -FR -convert big_endian -assume noold_ldout_format -I/gpfs/hps/nco/ops/nwpara/hiresw.v7.0.16/sorc/hiresw_nps.fd/NPS/dio -I/gpfs/hps/nco/ops/nwprod/lib/nemsio/v2.2.2/intel/include/nemsio_v2.2.2 -I/gpfs/hps/nco/ops/nwprod/lib/g2/v3.1.0/intel/include/g2_v3.1.0_4 -c process_domain_module.f
/bin/rm -f process_domain_module.f
/bin/rm -f metgrid.o metgrid.mod
/lib/cpp -C -P -traditional -D_UNDERSCORE -DBYTESWAP -DLINUX -DIO_NETCDF -DIO_BINARY -DIO_GRIB1 -DBIT32 -D_METGRID -DUSE_JPEG2000 -DUSE_PNG metgrid.F90 > metgrid.f
ftn -O3 -fp-model strict -g -traceback  -FR -convert big_endian -assume noold_ldout_format -I/gpfs/hps/nco/ops/nwpara/hiresw.v7.0.16/sorc/hiresw_nps.fd/NPS/dio -I/gpfs/hps/nco/ops/nwprod/lib/nemsio/v2.2.2/intel/include/nemsio_v2.2.2 -I/gpfs/hps/nco/ops/nwprod/lib/g2/v3.1.0/intel/include/g2_v3.1.0_4 -c metgrid.f
/bin/rm -f metgrid.f
/bin/rm -f write_met_module.o write_met_module.mod
/lib/cpp -C -P -traditional -D_UNDERSCORE -DBYTESWAP -DLINUX -DIO_NETCDF -DIO_BINARY -DIO_GRIB1 -DBIT32 -D_METGRID -DUSE_JPEG2000 -DUSE_PNG write_met_module.F90 > write_met_module.f
ftn -O3 -fp-model strict -g -traceback  -FR -convert big_endian -assume noold_ldout_format -I/gpfs/hps/nco/ops/nwpara/hiresw.v7.0.16/sorc/hiresw_nps.fd/NPS/dio -I/gpfs/hps/nco/ops/nwprod/lib/nemsio/v2.2.2/intel/include/nemsio_v2.2.2 -I/gpfs/hps/nco/ops/nwprod/lib/g2/v3.1.0/intel/include/g2_v3.1.0_4 -c write_met_module.f
/bin/rm -f write_met_module.f
ftn -O3 -fp-model strict -g -traceback   -o metgrid.exe cio.o wrf_debug.o bitarray_module.o constants_module.o datatype_module.o despace.o gridinfo_module.o metgrid.o input_module.o interp_module.o interp_option_module.o list_module.o llxy_module.o met_data_module.o minheap_module.o misc_definitions_module.o module_date_pack.o module_debug.o module_map_utils.o module_mergesort.o output_module.o parallel_module.o process_domain_module.o queue_module.o read_met_module.o rotate_winds_module.o storage_module.o write_met_module.o -L/gpfs/hps/nco/ops/nwpara/hiresw.v7.0.16/sorc/hiresw_nps.fd/NPS/dio -ldio
make[1]: Leaving directory `/gpfs/hps/nco/ops/nwpara/hiresw.v7.0.16/sorc/hiresw_nps.fd/NPS/metgrid/src'
if [ -e metgrid.exe ] ; then \
		/bin/rm -f metgrid.exe ; \
	fi ; \
	if [ -e ../metgrid.exe ] ; then \
		/bin/rm -f ../metgrid.exe ; \
	fi ; \
	if [ -e src/metgrid.exe ] ; then \
		ln -sf src/metgrid.exe . ; \
	fi
+++ cp ungrib.exe ../../../exec//hiresw_nps_ungrib
+++ cp metgrid.exe ../../../exec//hiresw_nps_metgrid
+++ cd /gpfs/hps/nco/ops/nwpara/hiresw.v7.0.16/sorc
