+++ cd /gpfs/hps3/emc/meso/noscrub/Matthew.Pyle/hiresw.v8.0.0/sorc/hiresw_sndp.fd
+++ make
ftn -convert big_endian -O     -c -o BFRHDR.o BFRHDR.f
ftn -convert big_endian -O     -c -o BFRIZE.o BFRIZE.f
ftn -convert big_endian -O     -c -o CALHEL.o CALHEL.f
ftn -convert big_endian -O     -c -o CALWXT.o CALWXT.f
ftn -convert big_endian -O     -c -o SMIX.o SMIX.f
ftn -convert big_endian -O     -c -o SNDPST.o SNDPST.f
ftn -convert big_endian -O     -c -o SNDPST_EM.o SNDPST_EM.f
ftn -convert big_endian -O     -c -o SNDPST_NMM.o SNDPST_NMM.f
ftn -convert big_endian -O     -c -o VAP.o VAP.f
ftn -convert big_endian -O     -c -o WETBLB.o WETBLB.f
ftn -convert big_endian -O     -c -o CALVIS.o CALVIS.f
ftn -convert big_endian -O     -c -o CALWXT_RAMER.o CALWXT_RAMER.f
ftn -convert big_endian -O     -c -o CALWXT_EXPLICIT.o CALWXT_EXPLICIT.f
ftn -convert big_endian -O     -c -o CALWXT_REVISED.o CALWXT_REVISED.f
ftn -convert big_endian -O     -c -o CALWXT_BOURG.o CALWXT_BOURG.f
ftn -convert big_endian -O     -c -o CALWXT_DOMINANT.o CALWXT_DOMINANT.f
ftn -convert big_endian  -o hiresw_sndp BFRHDR.o BFRIZE.o CALHEL.o CALWXT.o SMIX.o SNDPST.o SNDPST_EM.o SNDPST_NMM.o VAP.o WETBLB.o CALVIS.o CALWXT_RAMER.o CALWXT_EXPLICIT.o CALWXT_REVISED.o CALWXT_BOURG.o CALWXT_DOMINANT.o /gpfs/hps/nco/ops/nwprod/lib/bufr/v11.3.0/intel/libbufr_v11.3.0_4_64.a
+++ cd /gpfs/hps3/emc/meso/noscrub/Matthew.Pyle/hiresw.v8.0.0/sorc
