if [ -e geogrid.exe ] ; then \
		rm -f geogrid.exe ; \
	fi
if [ -e ../geogrid.exe ] ; then \
		rm -f ../geogrid.exe ; \
	fi
( cd src ; make clean )
make[1]: Entering directory `/gpfs/hps3/emc/meso/noscrub/Matthew.Pyle/hiresw.v8.0.0/sorc/hiresw_wps.fd/geogrid/src'
rm -f cio.o wrf_debug.o bitarray_module.o constants_module.o module_stringutil.o geogrid.o gridinfo_module.o hash_module.o interp_module.o list_module.o llxy_module.o misc_definitions_module.o module_debug.o module_map_utils.o output_module.o parallel_module.o process_tile_module.o proc_point_module.o queue_module.o read_geogrid.o smooth_module.o source_data_module.o *.f90 *.mod
rm -f geogrid.exe 
make[1]: Leaving directory `/gpfs/hps3/emc/meso/noscrub/Matthew.Pyle/hiresw.v8.0.0/sorc/hiresw_wps.fd/geogrid/src'
( cd src/ngl ; make DEV_TOP="/gpfs/hps3/emc/meso/noscrub/Matthew.Pyle/hiresw.v8.0.0/sorc/hiresw_wps.fd" clean )
make[1]: Entering directory `/gpfs/hps3/emc/meso/noscrub/Matthew.Pyle/hiresw.v8.0.0/sorc/hiresw_wps.fd/ungrib/src/ngl'
rm -f *.a
( cd w3 ; make DEV_TOP="/gpfs/hps3/emc/meso/noscrub/Matthew.Pyle/hiresw.v8.0.0/sorc/hiresw_wps.fd" clean )
make[2]: Entering directory `/gpfs/hps3/emc/meso/noscrub/Matthew.Pyle/hiresw.v8.0.0/sorc/hiresw_wps.fd/ungrib/src/ngl/w3'
rm -f bacio_module.o getgb.o     getgbmh.o   putgbex.o   w3fi73.o getgb1r.o   getgbmp.o   putgbn.o    w3fi74.o getgb1re.o  getgbp.o    r63w72.o    w3fi75.o getgb1s.o   getgi.o     sbyte.o     w3fi76.o getgbe.o    getgir.o    sbytes.o    w3fi82.o getgbeh.o   idsdef.o                w3fi83.o getgbem.o   iw3jdn.o    w3difdat.o  w3fs26.o getgbemh.o  ixgb.o      w3doxdat.o  w3log.o getgbemp.o  lengds.o    w3fi01.o    w3movdat.o getgbens.o  pdsens.o    w3fi58.o    w3reddat.o getgbep.o   pdseup.o    w3fi59.o    w3tagb.o errmsg.o    getgbex.o   putgb.o     w3fi63.o gbytes.o    getgbexm.o  putgbe.o    w3fi68.o gbytes_char.o           getgbh.o    putgben.o getbit.o    getgbm.o    putgbens.o  w3fi72.o fparsei.o   fparser.o   instrument.o start.o     summary.o   w3utcdat.o  w3fs21.o w3locdat.o  w3fi71.o    baciof.o bacio.v1.3.o errexit.o *.mod *.a
make[2]: Leaving directory `/gpfs/hps3/emc/meso/noscrub/Matthew.Pyle/hiresw.v8.0.0/sorc/hiresw_wps.fd/ungrib/src/ngl/w3'
( cd g2 ; make DEV_TOP="/gpfs/hps3/emc/meso/noscrub/Matthew.Pyle/hiresw.v8.0.0/sorc/hiresw_wps.fd" clean )
make[2]: Entering directory `/gpfs/hps3/emc/meso/noscrub/Matthew.Pyle/hiresw.v8.0.0/sorc/hiresw_wps.fd/ungrib/src/ngl/g2'
rm -f gridtemplates.o pdstemplates.o drstemplates.o gribmod.o realloc.o addfield.o addgrid.o addlocal.o getfield.o gb_info.o gf_getfld.o gf_free.o gf_unpack1.o gf_unpack2.o gf_unpack3.o gf_unpack4.o gf_unpack5.o gf_unpack6.o gf_unpack7.o gettemplates.o getlocal.o getdim.o getpoly.o gribcreate.o gribend.o gribinfo.o mkieee.o rdieee.o simpack.o simunpack.o cmplxpack.o compack.o misspack.o pack_gp.o reduce.o comunpack.o specpack.o specunpack.o jpcpack.o jpcunpack.o enc_jpeg2000.o dec_jpeg2000.o pngpack.o pngunpack.o enc_png.o dec_png.o gbytesc.o skgb.o ixgb2.o getidx.o getg2i.o getg2ir.o getgb2s.o getgb2r.o getgb2l.o getgb2.o getgb2p.o getgb2rp.o putgb2.o g2grids.o gdt2gds.o params.o params_ecmwf.o mova2i.o
rm -f *.a *.M *.mod
make[2]: Leaving directory `/gpfs/hps3/emc/meso/noscrub/Matthew.Pyle/hiresw.v8.0.0/sorc/hiresw_wps.fd/ungrib/src/ngl/g2'
make[1]: Leaving directory `/gpfs/hps3/emc/meso/noscrub/Matthew.Pyle/hiresw.v8.0.0/sorc/hiresw_wps.fd/ungrib/src/ngl'
if [ -h ungrib.exe ] ; then \
		rm -f ungrib.exe ; \
	fi
if [ -h ../ungrib.exe ] ; then \
		rm -f ../ungrib.exe ; \
	fi
( cd src ; make clean )
make[1]: Entering directory `/gpfs/hps3/emc/meso/noscrub/Matthew.Pyle/hiresw.v8.0.0/sorc/hiresw_wps.fd/ungrib/src'
rm -f *.o *.i *.f90 *.mod *.M libpgu.a *exe
make[1]: Leaving directory `/gpfs/hps3/emc/meso/noscrub/Matthew.Pyle/hiresw.v8.0.0/sorc/hiresw_wps.fd/ungrib/src'
if [ -e metgrid.exe ] ; then \
		rm -f metgrid.exe ; \
	fi
if [ -e ../metgrid.exe ] ; then \
		rm -f ../metgrid.exe ; \
	fi
( cd src ; make clean )
make[1]: Entering directory `/gpfs/hps3/emc/meso/noscrub/Matthew.Pyle/hiresw.v8.0.0/sorc/hiresw_wps.fd/metgrid/src'
rm -f cio.o wrf_debug.o bitarray_module.o constants_module.o datatype_module.o module_stringutil.o gridinfo_module.o metgrid.o input_module.o interp_module.o interp_option_module.o list_module.o llxy_module.o met_data_module.o minheap_module.o misc_definitions_module.o module_date_pack.o module_debug.o module_map_utils.o module_mergesort.o output_module.o parallel_module.o process_domain_module.o queue_module.o read_met_module.o rotate_winds_module.o storage_module.o write_met_module.o *.f90 *.mod
rm -f metgrid.exe
make[1]: Leaving directory `/gpfs/hps3/emc/meso/noscrub/Matthew.Pyle/hiresw.v8.0.0/sorc/hiresw_wps.fd/metgrid/src'
( cd src/ngl ; make DEV_TOP="/gpfs/hps3/emc/meso/noscrub/Matthew.Pyle/hiresw.v8.0.0/sorc/hiresw_wps.fd" clean )
make[1]: Entering directory `/gpfs/hps3/emc/meso/noscrub/Matthew.Pyle/hiresw.v8.0.0/sorc/hiresw_wps.fd/ungrib/src/ngl'
rm -f *.a
( cd w3 ; make DEV_TOP="/gpfs/hps3/emc/meso/noscrub/Matthew.Pyle/hiresw.v8.0.0/sorc/hiresw_wps.fd" clean )
make[2]: Entering directory `/gpfs/hps3/emc/meso/noscrub/Matthew.Pyle/hiresw.v8.0.0/sorc/hiresw_wps.fd/ungrib/src/ngl/w3'
rm -f bacio_module.o getgb.o     getgbmh.o   putgbex.o   w3fi73.o getgb1r.o   getgbmp.o   putgbn.o    w3fi74.o getgb1re.o  getgbp.o    r63w72.o    w3fi75.o getgb1s.o   getgi.o     sbyte.o     w3fi76.o getgbe.o    getgir.o    sbytes.o    w3fi82.o getgbeh.o   idsdef.o                w3fi83.o getgbem.o   iw3jdn.o    w3difdat.o  w3fs26.o getgbemh.o  ixgb.o      w3doxdat.o  w3log.o getgbemp.o  lengds.o    w3fi01.o    w3movdat.o getgbens.o  pdsens.o    w3fi58.o    w3reddat.o getgbep.o   pdseup.o    w3fi59.o    w3tagb.o errmsg.o    getgbex.o   putgb.o     w3fi63.o gbytes.o    getgbexm.o  putgbe.o    w3fi68.o gbytes_char.o           getgbh.o    putgben.o getbit.o    getgbm.o    putgbens.o  w3fi72.o fparsei.o   fparser.o   instrument.o start.o     summary.o   w3utcdat.o  w3fs21.o w3locdat.o  w3fi71.o    baciof.o bacio.v1.3.o errexit.o *.mod *.a
make[2]: Leaving directory `/gpfs/hps3/emc/meso/noscrub/Matthew.Pyle/hiresw.v8.0.0/sorc/hiresw_wps.fd/ungrib/src/ngl/w3'
( cd g2 ; make DEV_TOP="/gpfs/hps3/emc/meso/noscrub/Matthew.Pyle/hiresw.v8.0.0/sorc/hiresw_wps.fd" clean )
make[2]: Entering directory `/gpfs/hps3/emc/meso/noscrub/Matthew.Pyle/hiresw.v8.0.0/sorc/hiresw_wps.fd/ungrib/src/ngl/g2'
rm -f gridtemplates.o pdstemplates.o drstemplates.o gribmod.o realloc.o addfield.o addgrid.o addlocal.o getfield.o gb_info.o gf_getfld.o gf_free.o gf_unpack1.o gf_unpack2.o gf_unpack3.o gf_unpack4.o gf_unpack5.o gf_unpack6.o gf_unpack7.o gettemplates.o getlocal.o getdim.o getpoly.o gribcreate.o gribend.o gribinfo.o mkieee.o rdieee.o simpack.o simunpack.o cmplxpack.o compack.o misspack.o pack_gp.o reduce.o comunpack.o specpack.o specunpack.o jpcpack.o jpcunpack.o enc_jpeg2000.o dec_jpeg2000.o pngpack.o pngunpack.o enc_png.o dec_png.o gbytesc.o skgb.o ixgb2.o getidx.o getg2i.o getg2ir.o getgb2s.o getgb2r.o getgb2l.o getgb2.o getgb2p.o getgb2rp.o putgb2.o g2grids.o gdt2gds.o params.o params_ecmwf.o mova2i.o
rm -f *.a *.M *.mod
make[2]: Leaving directory `/gpfs/hps3/emc/meso/noscrub/Matthew.Pyle/hiresw.v8.0.0/sorc/hiresw_wps.fd/ungrib/src/ngl/g2'
make[1]: Leaving directory `/gpfs/hps3/emc/meso/noscrub/Matthew.Pyle/hiresw.v8.0.0/sorc/hiresw_wps.fd/ungrib/src/ngl'
if [ -h g1print.exe ] ; then \
		rm -f g1print.exe ; \
	fi
if [ -h ../g1print.exe ] ; then \
		rm -f ../g1print.exe ; \
	fi
( cd src ; make clean )
make[1]: Entering directory `/gpfs/hps3/emc/meso/noscrub/Matthew.Pyle/hiresw.v8.0.0/sorc/hiresw_wps.fd/ungrib/src'
rm -f *.o *.i *.f90 *.mod *.M libpgu.a *exe
make[1]: Leaving directory `/gpfs/hps3/emc/meso/noscrub/Matthew.Pyle/hiresw.v8.0.0/sorc/hiresw_wps.fd/ungrib/src'
( cd src/ngl ; make DEV_TOP="/gpfs/hps3/emc/meso/noscrub/Matthew.Pyle/hiresw.v8.0.0/sorc/hiresw_wps.fd" clean )
make[1]: Entering directory `/gpfs/hps3/emc/meso/noscrub/Matthew.Pyle/hiresw.v8.0.0/sorc/hiresw_wps.fd/ungrib/src/ngl'
rm -f *.a
( cd w3 ; make DEV_TOP="/gpfs/hps3/emc/meso/noscrub/Matthew.Pyle/hiresw.v8.0.0/sorc/hiresw_wps.fd" clean )
make[2]: Entering directory `/gpfs/hps3/emc/meso/noscrub/Matthew.Pyle/hiresw.v8.0.0/sorc/hiresw_wps.fd/ungrib/src/ngl/w3'
rm -f bacio_module.o getgb.o     getgbmh.o   putgbex.o   w3fi73.o getgb1r.o   getgbmp.o   putgbn.o    w3fi74.o getgb1re.o  getgbp.o    r63w72.o    w3fi75.o getgb1s.o   getgi.o     sbyte.o     w3fi76.o getgbe.o    getgir.o    sbytes.o    w3fi82.o getgbeh.o   idsdef.o                w3fi83.o getgbem.o   iw3jdn.o    w3difdat.o  w3fs26.o getgbemh.o  ixgb.o      w3doxdat.o  w3log.o getgbemp.o  lengds.o    w3fi01.o    w3movdat.o getgbens.o  pdsens.o    w3fi58.o    w3reddat.o getgbep.o   pdseup.o    w3fi59.o    w3tagb.o errmsg.o    getgbex.o   putgb.o     w3fi63.o gbytes.o    getgbexm.o  putgbe.o    w3fi68.o gbytes_char.o           getgbh.o    putgben.o getbit.o    getgbm.o    putgbens.o  w3fi72.o fparsei.o   fparser.o   instrument.o start.o     summary.o   w3utcdat.o  w3fs21.o w3locdat.o  w3fi71.o    baciof.o bacio.v1.3.o errexit.o *.mod *.a
make[2]: Leaving directory `/gpfs/hps3/emc/meso/noscrub/Matthew.Pyle/hiresw.v8.0.0/sorc/hiresw_wps.fd/ungrib/src/ngl/w3'
( cd g2 ; make DEV_TOP="/gpfs/hps3/emc/meso/noscrub/Matthew.Pyle/hiresw.v8.0.0/sorc/hiresw_wps.fd" clean )
make[2]: Entering directory `/gpfs/hps3/emc/meso/noscrub/Matthew.Pyle/hiresw.v8.0.0/sorc/hiresw_wps.fd/ungrib/src/ngl/g2'
rm -f gridtemplates.o pdstemplates.o drstemplates.o gribmod.o realloc.o addfield.o addgrid.o addlocal.o getfield.o gb_info.o gf_getfld.o gf_free.o gf_unpack1.o gf_unpack2.o gf_unpack3.o gf_unpack4.o gf_unpack5.o gf_unpack6.o gf_unpack7.o gettemplates.o getlocal.o getdim.o getpoly.o gribcreate.o gribend.o gribinfo.o mkieee.o rdieee.o simpack.o simunpack.o cmplxpack.o compack.o misspack.o pack_gp.o reduce.o comunpack.o specpack.o specunpack.o jpcpack.o jpcunpack.o enc_jpeg2000.o dec_jpeg2000.o pngpack.o pngunpack.o enc_png.o dec_png.o gbytesc.o skgb.o ixgb2.o getidx.o getg2i.o getg2ir.o getgb2s.o getgb2r.o getgb2l.o getgb2.o getgb2p.o getgb2rp.o putgb2.o g2grids.o gdt2gds.o params.o params_ecmwf.o mova2i.o
rm -f *.a *.M *.mod
make[2]: Leaving directory `/gpfs/hps3/emc/meso/noscrub/Matthew.Pyle/hiresw.v8.0.0/sorc/hiresw_wps.fd/ungrib/src/ngl/g2'
make[1]: Leaving directory `/gpfs/hps3/emc/meso/noscrub/Matthew.Pyle/hiresw.v8.0.0/sorc/hiresw_wps.fd/ungrib/src/ngl'
if [ -h g2print.exe ] ; then \
		rm -f g2print.exe ; \
	fi
if [ -h ../g2print.exe ] ; then \
		rm -f ../g2print.exe ; \
	fi
( cd src ; make clean )
make[1]: Entering directory `/gpfs/hps3/emc/meso/noscrub/Matthew.Pyle/hiresw.v8.0.0/sorc/hiresw_wps.fd/ungrib/src'
rm -f *.o *.i *.f90 *.mod *.M libpgu.a *exe
make[1]: Leaving directory `/gpfs/hps3/emc/meso/noscrub/Matthew.Pyle/hiresw.v8.0.0/sorc/hiresw_wps.fd/ungrib/src'
if [ -h plotfmt.exe ] ; then \
		rm -f plotfmt.exe ; \
	fi
if [ -h ../plotfmt.exe ] ; then \
		rm -f ../plotfmt.exe ; \
	fi
( cd src ; make clean )
make[1]: Entering directory `/gpfs/hps3/emc/meso/noscrub/Matthew.Pyle/hiresw.v8.0.0/sorc/hiresw_wps.fd/util/src'
rm -f plotgrids.o avg_tsfc.o calc_ecmwf_p.o elev_angle.o plotfmt.o rd_intermediate.o mod_levs.o height_ukmo.o cio.o gridinfo_module.o misc_definitions_module.o module_debug.o module_stringutil.o read_met_module.o write_met_module.o module_date_pack.o met_data_module.o constants_module.o *.f90 *.mod
rm -f plotgrids.exe plotfmt.exe avg_tsfc.exe elev_angle.exe calc_ecmwf_p.exe rd_intermediate.exe \
	mod_levs.exe height_ukmo.exe int2nc.exe
make[1]: Leaving directory `/gpfs/hps3/emc/meso/noscrub/Matthew.Pyle/hiresw.v8.0.0/sorc/hiresw_wps.fd/util/src'
if [ -h plotgrids.exe ] ; then \
		rm -f plotgrids.exe ; \
	fi
if [ -h ../plotgrids.exe ] ; then \
		rm -f ../plotgrids.exe ; \
	fi
( cd src ; make clean )
make[1]: Entering directory `/gpfs/hps3/emc/meso/noscrub/Matthew.Pyle/hiresw.v8.0.0/sorc/hiresw_wps.fd/util/src'
rm -f plotgrids.o avg_tsfc.o calc_ecmwf_p.o elev_angle.o plotfmt.o rd_intermediate.o mod_levs.o height_ukmo.o cio.o gridinfo_module.o misc_definitions_module.o module_debug.o module_stringutil.o read_met_module.o write_met_module.o module_date_pack.o met_data_module.o constants_module.o *.f90 *.mod
rm -f plotgrids.exe plotfmt.exe avg_tsfc.exe elev_angle.exe calc_ecmwf_p.exe rd_intermediate.exe \
	mod_levs.exe height_ukmo.exe int2nc.exe
make[1]: Leaving directory `/gpfs/hps3/emc/meso/noscrub/Matthew.Pyle/hiresw.v8.0.0/sorc/hiresw_wps.fd/util/src'
if [ -h mod_levs.exe ] ; then \
		rm -f mod_levs.exe ; \
	fi
if [ -h ../mod_levs.exe ] ; then \
		rm -f ../mod_levs.exe ; \
	fi
( cd src ; make clean )
make[1]: Entering directory `/gpfs/hps3/emc/meso/noscrub/Matthew.Pyle/hiresw.v8.0.0/sorc/hiresw_wps.fd/util/src'
rm -f plotgrids.o avg_tsfc.o calc_ecmwf_p.o elev_angle.o plotfmt.o rd_intermediate.o mod_levs.o height_ukmo.o cio.o gridinfo_module.o misc_definitions_module.o module_debug.o module_stringutil.o read_met_module.o write_met_module.o module_date_pack.o met_data_module.o constants_module.o *.f90 *.mod
rm -f plotgrids.exe plotfmt.exe avg_tsfc.exe elev_angle.exe calc_ecmwf_p.exe rd_intermediate.exe \
	mod_levs.exe height_ukmo.exe int2nc.exe
make[1]: Leaving directory `/gpfs/hps3/emc/meso/noscrub/Matthew.Pyle/hiresw.v8.0.0/sorc/hiresw_wps.fd/util/src'
if [ -h rd_intermediate.exe ] ; then \
		rm -f rd_intermediate.exe ; \
	fi
if [ -h ../rd_intermediate.exe ] ; then \
		rm -f ../rd_intermediate.exe ; \
	fi
( cd src ; make clean )
make[1]: Entering directory `/gpfs/hps3/emc/meso/noscrub/Matthew.Pyle/hiresw.v8.0.0/sorc/hiresw_wps.fd/util/src'
rm -f plotgrids.o avg_tsfc.o calc_ecmwf_p.o elev_angle.o plotfmt.o rd_intermediate.o mod_levs.o height_ukmo.o cio.o gridinfo_module.o misc_definitions_module.o module_debug.o module_stringutil.o read_met_module.o write_met_module.o module_date_pack.o met_data_module.o constants_module.o *.f90 *.mod
rm -f plotgrids.exe plotfmt.exe avg_tsfc.exe elev_angle.exe calc_ecmwf_p.exe rd_intermediate.exe \
	mod_levs.exe height_ukmo.exe int2nc.exe
make[1]: Leaving directory `/gpfs/hps3/emc/meso/noscrub/Matthew.Pyle/hiresw.v8.0.0/sorc/hiresw_wps.fd/util/src'
if [ -h avg_tsfc.exe ] ; then \
		rm -f avg_tsfc.exe ; \
	fi
if [ -h ../avg_tsfc.exe ] ; then \
		rm -f ../avg_tsfc.exe ; \
	fi
( cd src ; make clean )
make[1]: Entering directory `/gpfs/hps3/emc/meso/noscrub/Matthew.Pyle/hiresw.v8.0.0/sorc/hiresw_wps.fd/util/src'
rm -f plotgrids.o avg_tsfc.o calc_ecmwf_p.o elev_angle.o plotfmt.o rd_intermediate.o mod_levs.o height_ukmo.o cio.o gridinfo_module.o misc_definitions_module.o module_debug.o module_stringutil.o read_met_module.o write_met_module.o module_date_pack.o met_data_module.o constants_module.o *.f90 *.mod
rm -f plotgrids.exe plotfmt.exe avg_tsfc.exe elev_angle.exe calc_ecmwf_p.exe rd_intermediate.exe \
	mod_levs.exe height_ukmo.exe int2nc.exe
make[1]: Leaving directory `/gpfs/hps3/emc/meso/noscrub/Matthew.Pyle/hiresw.v8.0.0/sorc/hiresw_wps.fd/util/src'
if [ -h calc_ecmwf_p.exe ] ; then \
		rm -f calc_ecmwf_p.exe ; \
	fi
if [ -h ../calc_ecmwf_p.exe ] ; then \
		rm -f ../calc_ecmwf_p.exe ; \
	fi
( cd src ; make clean )
make[1]: Entering directory `/gpfs/hps3/emc/meso/noscrub/Matthew.Pyle/hiresw.v8.0.0/sorc/hiresw_wps.fd/util/src'
rm -f plotgrids.o avg_tsfc.o calc_ecmwf_p.o elev_angle.o plotfmt.o rd_intermediate.o mod_levs.o height_ukmo.o cio.o gridinfo_module.o misc_definitions_module.o module_debug.o module_stringutil.o read_met_module.o write_met_module.o module_date_pack.o met_data_module.o constants_module.o *.f90 *.mod
rm -f plotgrids.exe plotfmt.exe avg_tsfc.exe elev_angle.exe calc_ecmwf_p.exe rd_intermediate.exe \
	mod_levs.exe height_ukmo.exe int2nc.exe
make[1]: Leaving directory `/gpfs/hps3/emc/meso/noscrub/Matthew.Pyle/hiresw.v8.0.0/sorc/hiresw_wps.fd/util/src'
if [ -h height_ukmo.exe ] ; then \
		rm -f height_ukmo.exe ; \
	fi
if [ -h ../height_ukmo.exe ] ; then \
		rm -f ../height_ukmo.exe ; \
	fi
( cd src ; make clean )
make[1]: Entering directory `/gpfs/hps3/emc/meso/noscrub/Matthew.Pyle/hiresw.v8.0.0/sorc/hiresw_wps.fd/util/src'
rm -f plotgrids.o avg_tsfc.o calc_ecmwf_p.o elev_angle.o plotfmt.o rd_intermediate.o mod_levs.o height_ukmo.o cio.o gridinfo_module.o misc_definitions_module.o module_debug.o module_stringutil.o read_met_module.o write_met_module.o module_date_pack.o met_data_module.o constants_module.o *.f90 *.mod
rm -f plotgrids.exe plotfmt.exe avg_tsfc.exe elev_angle.exe calc_ecmwf_p.exe rd_intermediate.exe \
	mod_levs.exe height_ukmo.exe int2nc.exe
make[1]: Leaving directory `/gpfs/hps3/emc/meso/noscrub/Matthew.Pyle/hiresw.v8.0.0/sorc/hiresw_wps.fd/util/src'
if [ -h int2nc.exe ] ; then \
		rm -f int2nc.exe ; \
	fi
if [ -h ../int2nc.exe ] ; then \
		rm -f ../int2nc.exe ; \
	fi
( cd src ; make clean )
make[1]: Entering directory `/gpfs/hps3/emc/meso/noscrub/Matthew.Pyle/hiresw.v8.0.0/sorc/hiresw_wps.fd/util/src'
rm -f plotgrids.o avg_tsfc.o calc_ecmwf_p.o elev_angle.o plotfmt.o rd_intermediate.o mod_levs.o height_ukmo.o cio.o gridinfo_module.o misc_definitions_module.o module_debug.o module_stringutil.o read_met_module.o write_met_module.o module_date_pack.o met_data_module.o constants_module.o *.f90 *.mod
rm -f plotgrids.exe plotfmt.exe avg_tsfc.exe elev_angle.exe calc_ecmwf_p.exe rd_intermediate.exe \
	mod_levs.exe height_ukmo.exe int2nc.exe
make[1]: Leaving directory `/gpfs/hps3/emc/meso/noscrub/Matthew.Pyle/hiresw.v8.0.0/sorc/hiresw_wps.fd/util/src'
